<?xml version="1.0" encoding="UTF-8"?>
<testsuite xmlns:xsi="http://www.w3.org/2001/XMLSchema-instance" xsi:noNamespaceSchemaLocation="https://maven.apache.org/surefire/maven-surefire-plugin/xsd/surefire-test-report-3.0.xsd" version="3.0" name="org.apache.avro.mapred.FsInputTest" time="1.427" tests="4" errors="0" skipped="0" failures="0">
  <properties>
    <property name="gopherProxySet" value="false"/>
    <property name="awt.toolkit" value="sun.lwawt.macosx.LWCToolkit"/>
    <property name="java.specification.version" value="11"/>
    <property name="sun.cpu.isalist" value=""/>
    <property name="sun.jnu.encoding" value="UTF-8"/>
    <property name="java.class.path" value="/Users/mirko/git/My_Avro/lang/java/mapred/target/test-classes:/Users/mirko/git/My_Avro/lang/java/mapred/target/classes:/Users/mirko/.m2/repository/org/pitest/pitest-maven/1.5.1/pitest-maven-1.5.1.jar:/Users/mirko/.m2/repository/org/pitest/pitest-entry/1.5.1/pitest-entry-1.5.1.jar:/Users/mirko/.m2/repository/org/pitest/pitest/1.5.1/pitest-1.5.1.jar:/Users/mirko/.m2/repository/org/pitest/pitest-html-report/1.5.1/pitest-html-report-1.5.1.jar:/Users/mirko/.m2/repository/org/pitest/pitest-aggregator/1.5.1/pitest-aggregator-1.5.1.jar:/Users/mirko/.m2/repository/org/apache/maven/maven-plugin-api/2.2.1/maven-plugin-api-2.2.1.jar:/Users/mirko/.m2/repository/org/apache/maven/reporting/maven-reporting-api/2.2.1/maven-reporting-api-2.2.1.jar:/Users/mirko/.m2/repository/org/apache/maven/doxia/doxia-sink-api/1.1/doxia-sink-api-1.1.jar:/Users/mirko/.m2/repository/org/apache/maven/doxia/doxia-logging-api/1.1/doxia-logging-api-1.1.jar:/Users/mirko/.m2/repository/commons-collections/commons-collections/3.2.2/commons-collections-3.2.2.jar:/Users/mirko/.m2/repository/commons-beanutils/commons-beanutils/1.9.4/commons-beanutils-1.9.4.jar:/Users/mirko/.m2/repository/commons-logging/commons-logging/1.2/commons-logging-1.2.jar:/Users/mirko/.m2/repository/org/codehaus/plexus/plexus-utils/3.3.0/plexus-utils-3.3.0.jar:/Users/mirko/.m2/repository/org/apache/maven/reporting/maven-reporting-impl/2.0.4.3/maven-reporting-impl-2.0.4.3.jar:/Users/mirko/.m2/repository/org/apache/maven/doxia/doxia-core/1.0/doxia-core-1.0.jar:/Users/mirko/.m2/repository/org/apache/maven/doxia/doxia-site-renderer/1.0/doxia-site-renderer-1.0.jar:/Users/mirko/.m2/repository/org/codehaus/plexus/plexus-i18n/1.0-beta-7/plexus-i18n-1.0-beta-7.jar:/Users/mirko/.m2/repository/org/codehaus/plexus/plexus-velocity/1.1.7/plexus-velocity-1.1.7.jar:/Users/mirko/.m2/repository/org/apache/velocity/velocity/1.5/velocity-1.5.jar:/Users/mirko/.m2/repository/org/apache/maven/doxia/doxia-decoration-model/1.0/doxia-decoration-model-1.0.jar:/Users/mirko/.m2/repository/org/apache/maven/doxia/doxia-module-apt/1.0/doxia-module-apt-1.0.jar:/Users/mirko/.m2/repository/org/apache/maven/doxia/doxia-module-fml/1.0/doxia-module-fml-1.0.jar:/Users/mirko/.m2/repository/org/apache/maven/doxia/doxia-module-xdoc/1.0/doxia-module-xdoc-1.0.jar:/Users/mirko/.m2/repository/org/apache/maven/doxia/doxia-module-xhtml/1.0/doxia-module-xhtml-1.0.jar:/Users/mirko/.m2/repository/commons-validator/commons-validator/1.2.0/commons-validator-1.2.0.jar:/Users/mirko/.m2/repository/commons-digester/commons-digester/1.6/commons-digester-1.6.jar:/Users/mirko/.m2/repository/oro/oro/2.0.8/oro-2.0.8.jar:/Users/mirko/.m2/repository/xml-apis/xml-apis/1.0.b2/xml-apis-1.0.b2.jar:/Users/mirko/.m2/repository/org/apache/maven/shared/maven-doxia-tools/1.0.2/maven-doxia-tools-1.0.2.jar:/Users/mirko/.m2/repository/org/apache/maven/maven-project/2.2.1/maven-project-2.2.1.jar:/Users/mirko/.m2/repository/org/apache/maven/maven-settings/2.2.1/maven-settings-2.2.1.jar:/Users/mirko/.m2/repository/org/apache/maven/maven-profile/2.2.1/maven-profile-2.2.1.jar:/Users/mirko/.m2/repository/org/apache/maven/maven-model/2.2.1/maven-model-2.2.1.jar:/Users/mirko/.m2/repository/org/apache/maven/maven-artifact-manager/2.2.1/maven-artifact-manager-2.2.1.jar:/Users/mirko/.m2/repository/org/apache/maven/maven-repository-metadata/2.2.1/maven-repository-metadata-2.2.1.jar:/Users/mirko/.m2/repository/org/apache/maven/wagon/wagon-provider-api/1.0-beta-6/wagon-provider-api-1.0-beta-6.jar:/Users/mirko/.m2/repository/backport-util-concurrent/backport-util-concurrent/3.1/backport-util-concurrent-3.1.jar:/Users/mirko/.m2/repository/org/apache/maven/maven-plugin-registry/2.2.1/maven-plugin-registry-2.2.1.jar:/Users/mirko/.m2/repository/org/codehaus/plexus/plexus-interpolation/1.11/plexus-interpolation-1.11.jar:/Users/mirko/.m2/repository/org/codehaus/plexus/plexus-container-default/1.0-alpha-9-stable-1/plexus-container-default-1.0-alpha-9-stable-1.jar:/Users/mirko/.m2/repository/classworlds/classworlds/1.1-alpha-2/classworlds-1.1-alpha-2.jar:/Users/mirko/.m2/repository/org/apache/maven/scm/maven-scm-api/1.9.4/maven-scm-api-1.9.4.jar:/Users/mirko/.m2/repository/org/apache/maven/scm/maven-scm-manager-plexus/1.9.4/maven-scm-manager-plexus-1.9.4.jar:/Users/mirko/.m2/repository/org/codehaus/groovy/groovy-all/2.4.18/groovy-all-2.4.18.jar:/Users/mirko/.m2/repository/org/apache/maven/scm/maven-scm-provider-accurev/1.9.4/maven-scm-provider-accurev-1.9.4.jar:/Users/mirko/.m2/repository/org/apache/maven/scm/maven-scm-provider-bazaar/1.9.4/maven-scm-provider-bazaar-1.9.4.jar:/Users/mirko/.m2/repository/org/apache/maven/scm/maven-scm-provider-clearcase/1.9.4/maven-scm-provider-clearcase-1.9.4.jar:/Users/mirko/.m2/repository/org/apache/maven/scm/maven-scm-provider-cvsexe/1.9.4/maven-scm-provider-cvsexe-1.9.4.jar:/Users/mirko/.m2/repository/org/apache/maven/scm/maven-scm-provider-cvs-commons/1.9.4/maven-scm-provider-cvs-commons-1.9.4.jar:/Users/mirko/.m2/repository/org/apache/maven/scm/maven-scm-provider-cvsjava/1.9.4/maven-scm-provider-cvsjava-1.9.4.jar:/Users/mirko/.m2/repository/org/netbeans/lib/cvsclient/20060125/cvsclient-20060125.jar:/Users/mirko/.m2/repository/ch/ethz/ganymed/ganymed-ssh2/build210/ganymed-ssh2-build210.jar:/Users/mirko/.m2/repository/org/apache/maven/scm/maven-scm-provider-gitexe/1.9.4/maven-scm-provider-gitexe-1.9.4.jar:/Users/mirko/.m2/repository/commons-lang/commons-lang/2.6/commons-lang-2.6.jar:/Users/mirko/.m2/repository/org/apache/maven/scm/maven-scm-provider-git-commons/1.9.4/maven-scm-provider-git-commons-1.9.4.jar:/Users/mirko/.m2/repository/org/apache/maven/scm/maven-scm-provider-hg/1.9.4/maven-scm-provider-hg-1.9.4.jar:/Users/mirko/.m2/repository/org/apache/maven/scm/maven-scm-provider-perforce/1.9.4/maven-scm-provider-perforce-1.9.4.jar:/Users/mirko/.m2/repository/org/apache/maven/scm/maven-scm-provider-starteam/1.9.4/maven-scm-provider-starteam-1.9.4.jar:/Users/mirko/.m2/repository/org/apache/maven/scm/maven-scm-provider-svnexe/1.9.4/maven-scm-provider-svnexe-1.9.4.jar:/Users/mirko/.m2/repository/org/apache/maven/scm/maven-scm-provider-svn-commons/1.9.4/maven-scm-provider-svn-commons-1.9.4.jar:/Users/mirko/.m2/repository/org/apache/maven/scm/maven-scm-provider-synergy/1.9.4/maven-scm-provider-synergy-1.9.4.jar:/Users/mirko/.m2/repository/org/apache/maven/scm/maven-scm-provider-vss/1.9.4/maven-scm-provider-vss-1.9.4.jar:/Users/mirko/.m2/repository/org/apache/maven/scm/maven-scm-provider-tfs/1.9.4/maven-scm-provider-tfs-1.9.4.jar:/Users/mirko/.m2/repository/org/apache/maven/scm/maven-scm-provider-integrity/1.9.4/maven-scm-provider-integrity-1.9.4.jar:/Users/mirko/.m2/repository/com/mks/api/mksapi-jar/4.10.9049/mksapi-jar-4.10.9049.jar:/Users/mirko/.m2/repository/org/apache/maven/scm/maven-scm-provider-jazz/1.9.4/maven-scm-provider-jazz-1.9.4.jar:/Users/mirko/.m2/repository/org/apache/maven/surefire/surefire-booter/2.17/surefire-booter-2.17.jar:/Users/mirko/.m2/repository/org/apache/maven/surefire/surefire-api/2.17/surefire-api-2.17.jar:/Users/mirko/.m2/repository/org/apache/maven/surefire/maven-surefire-common/2.17/maven-surefire-common-2.17.jar:/Users/mirko/.m2/repository/org/apache/maven/plugin-tools/maven-plugin-annotations/3.2/maven-plugin-annotations-3.2.jar:/Users/mirko/.m2/repository/org/apache/maven/maven-plugin-descriptor/2.0.9/maven-plugin-descriptor-2.0.9.jar:/Users/mirko/.m2/repository/org/apache/maven/maven-core/2.0.9/maven-core-2.0.9.jar:/Users/mirko/.m2/repository/org/apache/maven/maven-plugin-parameter-documenter/2.0.9/maven-plugin-parameter-documenter-2.0.9.jar:/Users/mirko/.m2/repository/org/apache/maven/maven-error-diagnostics/2.0.9/maven-error-diagnostics-2.0.9.jar:/Users/mirko/.m2/repository/org/apache/maven/maven-monitor/2.0.9/maven-monitor-2.0.9.jar:/Users/mirko/.m2/repository/org/apache/commons/commons-lang3/3.1/commons-lang3-3.1.jar:/Users/mirko/.m2/repository/org/apache/maven/maven-artifact/2.2.1/maven-artifact-2.2.1.jar:/Users/mirko/.m2/repository/org/apache/maven/maven-toolchain/2.2.1/maven-toolchain-2.2.1.jar:/Users/mirko/.m2/repository/org/slf4j/jul-to-slf4j/1.7.12/jul-to-slf4j-1.7.12.jar:/Users/mirko/.m2/repository/uk/org/lidalia/sysout-over-slf4j/1.0.2/sysout-over-slf4j-1.0.2.jar:/Users/mirko/git/My_Avro/lang/java/ipc/target/classes:/Users/mirko/git/My_Avro/lang/java/avro/target/classes:/Users/mirko/.m2/repository/com/fasterxml/jackson/core/jackson-databind/2.12.4/jackson-databind-2.12.4.jar:/Users/mirko/.m2/repository/com/fasterxml/jackson/core/jackson-annotations/2.12.4/jackson-annotations-2.12.4.jar:/Users/mirko/.m2/repository/org/apache/velocity/velocity-engine-core/2.3/velocity-engine-core-2.3.jar:/Users/mirko/.m2/repository/javax/annotation/javax.annotation-api/1.3.2/javax.annotation-api-1.3.2.jar:/Users/mirko/.m2/repository/org/tukaani/xz/1.9/xz-1.9.jar:/Users/mirko/.m2/repository/com/github/luben/zstd-jni/1.5.0-4/zstd-jni-1.5.0-4.jar:/Users/mirko/git/My_Avro/lang/java/ipc-jetty/target/classes:/Users/mirko/.m2/repository/org/eclipse/jetty/jetty-server/9.4.43.v20210629/jetty-server-9.4.43.v20210629.jar:/Users/mirko/.m2/repository/javax/servlet/javax.servlet-api/4.0.1/javax.servlet-api-4.0.1.jar:/Users/mirko/.m2/repository/org/eclipse/jetty/jetty-http/9.4.43.v20210629/jetty-http-9.4.43.v20210629.jar:/Users/mirko/.m2/repository/org/eclipse/jetty/jetty-io/9.4.43.v20210629/jetty-io-9.4.43.v20210629.jar:/Users/mirko/.m2/repository/org/eclipse/jetty/jetty-servlet/9.4.43.v20210629/jetty-servlet-9.4.43.v20210629.jar:/Users/mirko/.m2/repository/org/eclipse/jetty/jetty-security/9.4.43.v20210629/jetty-security-9.4.43.v20210629.jar:/Users/mirko/.m2/repository/org/eclipse/jetty/jetty-util-ajax/9.4.43.v20210629/jetty-util-ajax-9.4.43.v20210629.jar:/Users/mirko/.m2/repository/org/eclipse/jetty/jetty-util/9.4.43.v20210629/jetty-util-9.4.43.v20210629.jar:/Users/mirko/git/My_Avro/lang/java/ipc/target/test-classes:/Users/mirko/git/My_Avro/lang/java/avro/target/test-classes:/Users/mirko/.m2/repository/org/apache/commons/commons-compress/1.21/commons-compress-1.21.jar:/Users/mirko/.m2/repository/org/easymock/easymock/4.3/easymock-4.3.jar:/Users/mirko/.m2/repository/org/objenesis/objenesis/3.2/objenesis-3.2.jar:/Users/mirko/.m2/repository/org/hamcrest/hamcrest-library/2.2/hamcrest-library-2.2.jar:/Users/mirko/.m2/repository/org/hamcrest/hamcrest-core/2.2/hamcrest-core-2.2.jar:/Users/mirko/.m2/repository/org/hamcrest/hamcrest/2.2/hamcrest-2.2.jar:/Users/mirko/.m2/repository/com/fasterxml/jackson/core/jackson-core/2.12.4/jackson-core-2.12.4.jar:/Users/mirko/.m2/repository/org/apache/hadoop/hadoop-client/3.3.1/hadoop-client-3.3.1.jar:/Users/mirko/.m2/repository/org/apache/hadoop/hadoop-common/3.3.1/hadoop-common-3.3.1.jar:/Users/mirko/.m2/repository/org/apache/hadoop/thirdparty/hadoop-shaded-protobuf_3_7/1.1.1/hadoop-shaded-protobuf_3_7-1.1.1.jar:/Users/mirko/.m2/repository/org/apache/hadoop/thirdparty/hadoop-shaded-guava/1.1.1/hadoop-shaded-guava-1.1.1.jar:/Users/mirko/.m2/repository/com/google/guava/guava/27.0-jre/guava-27.0-jre.jar:/Users/mirko/.m2/repository/com/google/guava/failureaccess/1.0/failureaccess-1.0.jar:/Users/mirko/.m2/repository/com/google/guava/listenablefuture/9999.0-empty-to-avoid-conflict-with-guava/listenablefuture-9999.0-empty-to-avoid-conflict-with-guava.jar:/Users/mirko/.m2/repository/org/checkerframework/checker-qual/2.5.2/checker-qual-2.5.2.jar:/Users/mirko/.m2/repository/com/google/j2objc/j2objc-annotations/1.1/j2objc-annotations-1.1.jar:/Users/mirko/.m2/repository/org/codehaus/mojo/animal-sniffer-annotations/1.17/animal-sniffer-annotations-1.17.jar:/Users/mirko/.m2/repository/commons-cli/commons-cli/1.2/commons-cli-1.2.jar:/Users/mirko/.m2/repository/org/apache/commons/commons-math3/3.1.1/commons-math3-3.1.1.jar:/Users/mirko/.m2/repository/org/apache/httpcomponents/httpclient/4.5.13/httpclient-4.5.13.jar:/Users/mirko/.m2/repository/org/apache/httpcomponents/httpcore/4.4.13/httpcore-4.4.13.jar:/Users/mirko/.m2/repository/commons-codec/commons-codec/1.11/commons-codec-1.11.jar:/Users/mirko/.m2/repository/commons-io/commons-io/2.8.0/commons-io-2.8.0.jar:/Users/mirko/.m2/repository/commons-net/commons-net/3.6/commons-net-3.6.jar:/Users/mirko/.m2/repository/jakarta/activation/jakarta.activation-api/1.2.1/jakarta.activation-api-1.2.1.jar:/Users/mirko/.m2/repository/org/eclipse/jetty/jetty-webapp/9.4.40.v20210413/jetty-webapp-9.4.40.v20210413.jar:/Users/mirko/.m2/repository/org/eclipse/jetty/jetty-xml/9.4.40.v20210413/jetty-xml-9.4.40.v20210413.jar:/Users/mirko/.m2/repository/javax/servlet/jsp/jsp-api/2.1/jsp-api-2.1.jar:/Users/mirko/.m2/repository/com/sun/jersey/jersey-servlet/1.19/jersey-servlet-1.19.jar:/Users/mirko/.m2/repository/log4j/log4j/1.2.17/log4j-1.2.17.jar:/Users/mirko/.m2/repository/org/apache/commons/commons-configuration2/2.1.1/commons-configuration2-2.1.1.jar:/Users/mirko/.m2/repository/org/apache/commons/commons-text/1.4/commons-text-1.4.jar:/Users/mirko/.m2/repository/com/google/re2j/re2j/1.1/re2j-1.1.jar:/Users/mirko/.m2/repository/com/google/protobuf/protobuf-java/2.5.0/protobuf-java-2.5.0.jar:/Users/mirko/.m2/repository/com/google/code/gson/gson/2.2.4/gson-2.2.4.jar:/Users/mirko/.m2/repository/org/apache/hadoop/hadoop-auth/3.3.1/hadoop-auth-3.3.1.jar:/Users/mirko/.m2/repository/com/nimbusds/nimbus-jose-jwt/9.8.1/nimbus-jose-jwt-9.8.1.jar:/Users/mirko/.m2/repository/com/github/stephenc/jcip/jcip-annotations/1.0-1/jcip-annotations-1.0-1.jar:/Users/mirko/.m2/repository/net/minidev/json-smart/2.4.2/json-smart-2.4.2.jar:/Users/mirko/.m2/repository/net/minidev/accessors-smart/2.4.2/accessors-smart-2.4.2.jar:/Users/mirko/.m2/repository/org/ow2/asm/asm/8.0.1/asm-8.0.1.jar:/Users/mirko/.m2/repository/org/apache/curator/curator-framework/4.2.0/curator-framework-4.2.0.jar:/Users/mirko/.m2/repository/org/apache/kerby/kerb-simplekdc/1.0.1/kerb-simplekdc-1.0.1.jar:/Users/mirko/.m2/repository/org/apache/kerby/kerb-client/1.0.1/kerb-client-1.0.1.jar:/Users/mirko/.m2/repository/org/apache/kerby/kerby-config/1.0.1/kerby-config-1.0.1.jar:/Users/mirko/.m2/repository/org/apache/kerby/kerb-common/1.0.1/kerb-common-1.0.1.jar:/Users/mirko/.m2/repository/org/apache/kerby/kerb-crypto/1.0.1/kerb-crypto-1.0.1.jar:/Users/mirko/.m2/repository/org/apache/kerby/kerb-util/1.0.1/kerb-util-1.0.1.jar:/Users/mirko/.m2/repository/org/apache/kerby/token-provider/1.0.1/token-provider-1.0.1.jar:/Users/mirko/.m2/repository/org/apache/kerby/kerb-admin/1.0.1/kerb-admin-1.0.1.jar:/Users/mirko/.m2/repository/org/apache/kerby/kerb-server/1.0.1/kerb-server-1.0.1.jar:/Users/mirko/.m2/repository/org/apache/kerby/kerb-identity/1.0.1/kerb-identity-1.0.1.jar:/Users/mirko/.m2/repository/org/apache/kerby/kerby-xdr/1.0.1/kerby-xdr-1.0.1.jar:/Users/mirko/.m2/repository/org/apache/curator/curator-client/4.2.0/curator-client-4.2.0.jar:/Users/mirko/.m2/repository/org/apache/curator/curator-recipes/4.2.0/curator-recipes-4.2.0.jar:/Users/mirko/.m2/repository/org/apache/htrace/htrace-core4/4.1.0-incubating/htrace-core4-4.1.0-incubating.jar:/Users/mirko/.m2/repository/org/apache/kerby/kerb-core/1.0.1/kerb-core-1.0.1.jar:/Users/mirko/.m2/repository/org/apache/kerby/kerby-pkix/1.0.1/kerby-pkix-1.0.1.jar:/Users/mirko/.m2/repository/org/apache/kerby/kerby-asn1/1.0.1/kerby-asn1-1.0.1.jar:/Users/mirko/.m2/repository/org/apache/kerby/kerby-util/1.0.1/kerby-util-1.0.1.jar:/Users/mirko/.m2/repository/org/codehaus/woodstox/stax2-api/4.2.1/stax2-api-4.2.1.jar:/Users/mirko/.m2/repository/com/fasterxml/woodstox/woodstox-core/5.3.0/woodstox-core-5.3.0.jar:/Users/mirko/.m2/repository/dnsjava/dnsjava/2.1.7/dnsjava-2.1.7.jar:/Users/mirko/.m2/repository/org/apache/hadoop/hadoop-hdfs-client/3.3.1/hadoop-hdfs-client-3.3.1.jar:/Users/mirko/.m2/repository/com/squareup/okhttp/okhttp/2.7.5/okhttp-2.7.5.jar:/Users/mirko/.m2/repository/com/squareup/okio/okio/1.6.0/okio-1.6.0.jar:/Users/mirko/.m2/repository/org/apache/hadoop/hadoop-yarn-api/3.3.1/hadoop-yarn-api-3.3.1.jar:/Users/mirko/.m2/repository/javax/xml/bind/jaxb-api/2.2.11/jaxb-api-2.2.11.jar:/Users/mirko/.m2/repository/org/apache/hadoop/hadoop-yarn-client/3.3.1/hadoop-yarn-client-3.3.1.jar:/Users/mirko/.m2/repository/org/eclipse/jetty/websocket/websocket-client/9.4.40.v20210413/websocket-client-9.4.40.v20210413.jar:/Users/mirko/.m2/repository/org/eclipse/jetty/jetty-client/9.4.40.v20210413/jetty-client-9.4.40.v20210413.jar:/Users/mirko/.m2/repository/org/eclipse/jetty/websocket/websocket-common/9.4.40.v20210413/websocket-common-9.4.40.v20210413.jar:/Users/mirko/.m2/repository/org/eclipse/jetty/websocket/websocket-api/9.4.40.v20210413/websocket-api-9.4.40.v20210413.jar:/Users/mirko/.m2/repository/org/jline/jline/3.9.0/jline-3.9.0.jar:/Users/mirko/.m2/repository/org/apache/hadoop/hadoop-mapreduce-client-core/3.3.1/hadoop-mapreduce-client-core-3.3.1.jar:/Users/mirko/.m2/repository/org/apache/hadoop/hadoop-yarn-common/3.3.1/hadoop-yarn-common-3.3.1.jar:/Users/mirko/.m2/repository/com/sun/jersey/jersey-core/1.19/jersey-core-1.19.jar:/Users/mirko/.m2/repository/javax/ws/rs/jsr311-api/1.1.1/jsr311-api-1.1.1.jar:/Users/mirko/.m2/repository/com/sun/jersey/jersey-client/1.19/jersey-client-1.19.jar:/Users/mirko/.m2/repository/com/fasterxml/jackson/module/jackson-module-jaxb-annotations/2.10.5/jackson-module-jaxb-annotations-2.10.5.jar:/Users/mirko/.m2/repository/jakarta/xml/bind/jakarta.xml.bind-api/2.3.2/jakarta.xml.bind-api-2.3.2.jar:/Users/mirko/.m2/repository/com/fasterxml/jackson/jaxrs/jackson-jaxrs-json-provider/2.10.5/jackson-jaxrs-json-provider-2.10.5.jar:/Users/mirko/.m2/repository/com/fasterxml/jackson/jaxrs/jackson-jaxrs-base/2.10.5/jackson-jaxrs-base-2.10.5.jar:/Users/mirko/.m2/repository/org/apache/hadoop/hadoop-mapreduce-client-jobclient/3.3.1/hadoop-mapreduce-client-jobclient-3.3.1.jar:/Users/mirko/.m2/repository/org/apache/hadoop/hadoop-mapreduce-client-common/3.3.1/hadoop-mapreduce-client-common-3.3.1.jar:/Users/mirko/.m2/repository/org/apache/hadoop/hadoop-annotations/3.3.1/hadoop-annotations-3.3.1.jar:/Users/mirko/.m2/repository/org/xerial/snappy/snappy-java/1.1.8.4/snappy-java-1.1.8.4.jar:/Users/mirko/.m2/repository/junit/junit/4.13.2/junit-4.13.2.jar:/Users/mirko/.m2/repository/org/slf4j/slf4j-api/1.7.32/slf4j-api-1.7.32.jar:/Users/mirko/.m2/repository/org/slf4j/slf4j-simple/1.7.32/slf4j-simple-1.7.32.jar:/Users/mirko/.m2/repository/org/jboss/arquillian/junit/arquillian-junit-standalone/1.6.0.Final/arquillian-junit-standalone-1.6.0.Final.jar:/Users/mirko/.m2/repository/org/jboss/arquillian/junit/arquillian-junit-core/1.6.0.Final/arquillian-junit-core-1.6.0.Final.jar:/Users/mirko/.m2/repository/org/jboss/arquillian/test/arquillian-test-spi/1.6.0.Final/arquillian-test-spi-1.6.0.Final.jar:/Users/mirko/.m2/repository/org/jboss/arquillian/core/arquillian-core-spi/1.6.0.Final/arquillian-core-spi-1.6.0.Final.jar:/Users/mirko/.m2/repository/org/jboss/arquillian/test/arquillian-test-api/1.6.0.Final/arquillian-test-api-1.6.0.Final.jar:/Users/mirko/.m2/repository/org/jboss/arquillian/core/arquillian-core-impl-base/1.6.0.Final/arquillian-core-impl-base-1.6.0.Final.jar:/Users/mirko/.m2/repository/org/jboss/arquillian/core/arquillian-core-api/1.6.0.Final/arquillian-core-api-1.6.0.Final.jar:/Users/mirko/.m2/repository/org/jboss/arquillian/test/arquillian-test-impl-base/1.6.0.Final/arquillian-test-impl-base-1.6.0.Final.jar:/Users/mirko/.m2/repository/org/jboss/arquillian/config/arquillian-config-impl-base/1.6.0.Final/arquillian-config-impl-base-1.6.0.Final.jar:/Users/mirko/.m2/repository/org/jboss/arquillian/config/arquillian-config-api/1.6.0.Final/arquillian-config-api-1.6.0.Final.jar:/Users/mirko/.m2/repository/org/jboss/shrinkwrap/descriptors/shrinkwrap-descriptors-api-base/2.0.0/shrinkwrap-descriptors-api-base-2.0.0.jar:/Users/mirko/.m2/repository/org/jboss/arquillian/config/arquillian-config-spi/1.6.0.Final/arquillian-config-spi-1.6.0.Final.jar:/Users/mirko/.m2/repository/org/jboss/shrinkwrap/descriptors/shrinkwrap-descriptors-spi/2.0.0/shrinkwrap-descriptors-spi-2.0.0.jar:"/>
    <property name="java.vm.vendor" value="AdoptOpenJDK"/>
    <property name="sun.arch.data.model" value="64"/>
    <property name="java.vendor.url" value="https://adoptopenjdk.net/"/>
    <property name="user.timezone" value=""/>
    <property name="java.vm.specification.version" value="11"/>
    <property name="os.name" value="Mac OS X"/>
    <property name="sun.java.launcher" value="SUN_STANDARD"/>
    <property name="user.country" value="IT"/>
    <property name="sun.boot.library.path" value="/Library/Java/JavaVirtualMachines/adoptopenjdk-11.jdk/Contents/Home/lib"/>
    <property name="sun.java.command" value="/Users/mirko/git/My_Avro/lang/java/mapred/target/surefire/surefirebooter12481872895356687318.jar /Users/mirko/git/My_Avro/lang/java/mapred/target/surefire 2021-08-30T12-58-13_281-jvmRun1 surefire14143254292592193247tmp surefire_016357498225405937503tmp"/>
    <property name="http.nonProxyHosts" value="local|*.local|169.254/16|*.169.254/16"/>
    <property name="jdk.debug" value="release"/>
    <property name="surefire.test.class.path" value="/Users/mirko/git/My_Avro/lang/java/mapred/target/test-classes:/Users/mirko/git/My_Avro/lang/java/mapred/target/classes:/Users/mirko/.m2/repository/org/pitest/pitest-maven/1.5.1/pitest-maven-1.5.1.jar:/Users/mirko/.m2/repository/org/pitest/pitest-entry/1.5.1/pitest-entry-1.5.1.jar:/Users/mirko/.m2/repository/org/pitest/pitest/1.5.1/pitest-1.5.1.jar:/Users/mirko/.m2/repository/org/pitest/pitest-html-report/1.5.1/pitest-html-report-1.5.1.jar:/Users/mirko/.m2/repository/org/pitest/pitest-aggregator/1.5.1/pitest-aggregator-1.5.1.jar:/Users/mirko/.m2/repository/org/apache/maven/maven-plugin-api/2.2.1/maven-plugin-api-2.2.1.jar:/Users/mirko/.m2/repository/org/apache/maven/reporting/maven-reporting-api/2.2.1/maven-reporting-api-2.2.1.jar:/Users/mirko/.m2/repository/org/apache/maven/doxia/doxia-sink-api/1.1/doxia-sink-api-1.1.jar:/Users/mirko/.m2/repository/org/apache/maven/doxia/doxia-logging-api/1.1/doxia-logging-api-1.1.jar:/Users/mirko/.m2/repository/commons-collections/commons-collections/3.2.2/commons-collections-3.2.2.jar:/Users/mirko/.m2/repository/commons-beanutils/commons-beanutils/1.9.4/commons-beanutils-1.9.4.jar:/Users/mirko/.m2/repository/commons-logging/commons-logging/1.2/commons-logging-1.2.jar:/Users/mirko/.m2/repository/org/codehaus/plexus/plexus-utils/3.3.0/plexus-utils-3.3.0.jar:/Users/mirko/.m2/repository/org/apache/maven/reporting/maven-reporting-impl/2.0.4.3/maven-reporting-impl-2.0.4.3.jar:/Users/mirko/.m2/repository/org/apache/maven/doxia/doxia-core/1.0/doxia-core-1.0.jar:/Users/mirko/.m2/repository/org/apache/maven/doxia/doxia-site-renderer/1.0/doxia-site-renderer-1.0.jar:/Users/mirko/.m2/repository/org/codehaus/plexus/plexus-i18n/1.0-beta-7/plexus-i18n-1.0-beta-7.jar:/Users/mirko/.m2/repository/org/codehaus/plexus/plexus-velocity/1.1.7/plexus-velocity-1.1.7.jar:/Users/mirko/.m2/repository/org/apache/velocity/velocity/1.5/velocity-1.5.jar:/Users/mirko/.m2/repository/org/apache/maven/doxia/doxia-decoration-model/1.0/doxia-decoration-model-1.0.jar:/Users/mirko/.m2/repository/org/apache/maven/doxia/doxia-module-apt/1.0/doxia-module-apt-1.0.jar:/Users/mirko/.m2/repository/org/apache/maven/doxia/doxia-module-fml/1.0/doxia-module-fml-1.0.jar:/Users/mirko/.m2/repository/org/apache/maven/doxia/doxia-module-xdoc/1.0/doxia-module-xdoc-1.0.jar:/Users/mirko/.m2/repository/org/apache/maven/doxia/doxia-module-xhtml/1.0/doxia-module-xhtml-1.0.jar:/Users/mirko/.m2/repository/commons-validator/commons-validator/1.2.0/commons-validator-1.2.0.jar:/Users/mirko/.m2/repository/commons-digester/commons-digester/1.6/commons-digester-1.6.jar:/Users/mirko/.m2/repository/oro/oro/2.0.8/oro-2.0.8.jar:/Users/mirko/.m2/repository/xml-apis/xml-apis/1.0.b2/xml-apis-1.0.b2.jar:/Users/mirko/.m2/repository/org/apache/maven/shared/maven-doxia-tools/1.0.2/maven-doxia-tools-1.0.2.jar:/Users/mirko/.m2/repository/org/apache/maven/maven-project/2.2.1/maven-project-2.2.1.jar:/Users/mirko/.m2/repository/org/apache/maven/maven-settings/2.2.1/maven-settings-2.2.1.jar:/Users/mirko/.m2/repository/org/apache/maven/maven-profile/2.2.1/maven-profile-2.2.1.jar:/Users/mirko/.m2/repository/org/apache/maven/maven-model/2.2.1/maven-model-2.2.1.jar:/Users/mirko/.m2/repository/org/apache/maven/maven-artifact-manager/2.2.1/maven-artifact-manager-2.2.1.jar:/Users/mirko/.m2/repository/org/apache/maven/maven-repository-metadata/2.2.1/maven-repository-metadata-2.2.1.jar:/Users/mirko/.m2/repository/org/apache/maven/wagon/wagon-provider-api/1.0-beta-6/wagon-provider-api-1.0-beta-6.jar:/Users/mirko/.m2/repository/backport-util-concurrent/backport-util-concurrent/3.1/backport-util-concurrent-3.1.jar:/Users/mirko/.m2/repository/org/apache/maven/maven-plugin-registry/2.2.1/maven-plugin-registry-2.2.1.jar:/Users/mirko/.m2/repository/org/codehaus/plexus/plexus-interpolation/1.11/plexus-interpolation-1.11.jar:/Users/mirko/.m2/repository/org/codehaus/plexus/plexus-container-default/1.0-alpha-9-stable-1/plexus-container-default-1.0-alpha-9-stable-1.jar:/Users/mirko/.m2/repository/classworlds/classworlds/1.1-alpha-2/classworlds-1.1-alpha-2.jar:/Users/mirko/.m2/repository/org/apache/maven/scm/maven-scm-api/1.9.4/maven-scm-api-1.9.4.jar:/Users/mirko/.m2/repository/org/apache/maven/scm/maven-scm-manager-plexus/1.9.4/maven-scm-manager-plexus-1.9.4.jar:/Users/mirko/.m2/repository/org/codehaus/groovy/groovy-all/2.4.18/groovy-all-2.4.18.jar:/Users/mirko/.m2/repository/org/apache/maven/scm/maven-scm-provider-accurev/1.9.4/maven-scm-provider-accurev-1.9.4.jar:/Users/mirko/.m2/repository/org/apache/maven/scm/maven-scm-provider-bazaar/1.9.4/maven-scm-provider-bazaar-1.9.4.jar:/Users/mirko/.m2/repository/org/apache/maven/scm/maven-scm-provider-clearcase/1.9.4/maven-scm-provider-clearcase-1.9.4.jar:/Users/mirko/.m2/repository/org/apache/maven/scm/maven-scm-provider-cvsexe/1.9.4/maven-scm-provider-cvsexe-1.9.4.jar:/Users/mirko/.m2/repository/org/apache/maven/scm/maven-scm-provider-cvs-commons/1.9.4/maven-scm-provider-cvs-commons-1.9.4.jar:/Users/mirko/.m2/repository/org/apache/maven/scm/maven-scm-provider-cvsjava/1.9.4/maven-scm-provider-cvsjava-1.9.4.jar:/Users/mirko/.m2/repository/org/netbeans/lib/cvsclient/20060125/cvsclient-20060125.jar:/Users/mirko/.m2/repository/ch/ethz/ganymed/ganymed-ssh2/build210/ganymed-ssh2-build210.jar:/Users/mirko/.m2/repository/org/apache/maven/scm/maven-scm-provider-gitexe/1.9.4/maven-scm-provider-gitexe-1.9.4.jar:/Users/mirko/.m2/repository/commons-lang/commons-lang/2.6/commons-lang-2.6.jar:/Users/mirko/.m2/repository/org/apache/maven/scm/maven-scm-provider-git-commons/1.9.4/maven-scm-provider-git-commons-1.9.4.jar:/Users/mirko/.m2/repository/org/apache/maven/scm/maven-scm-provider-hg/1.9.4/maven-scm-provider-hg-1.9.4.jar:/Users/mirko/.m2/repository/org/apache/maven/scm/maven-scm-provider-perforce/1.9.4/maven-scm-provider-perforce-1.9.4.jar:/Users/mirko/.m2/repository/org/apache/maven/scm/maven-scm-provider-starteam/1.9.4/maven-scm-provider-starteam-1.9.4.jar:/Users/mirko/.m2/repository/org/apache/maven/scm/maven-scm-provider-svnexe/1.9.4/maven-scm-provider-svnexe-1.9.4.jar:/Users/mirko/.m2/repository/org/apache/maven/scm/maven-scm-provider-svn-commons/1.9.4/maven-scm-provider-svn-commons-1.9.4.jar:/Users/mirko/.m2/repository/org/apache/maven/scm/maven-scm-provider-synergy/1.9.4/maven-scm-provider-synergy-1.9.4.jar:/Users/mirko/.m2/repository/org/apache/maven/scm/maven-scm-provider-vss/1.9.4/maven-scm-provider-vss-1.9.4.jar:/Users/mirko/.m2/repository/org/apache/maven/scm/maven-scm-provider-tfs/1.9.4/maven-scm-provider-tfs-1.9.4.jar:/Users/mirko/.m2/repository/org/apache/maven/scm/maven-scm-provider-integrity/1.9.4/maven-scm-provider-integrity-1.9.4.jar:/Users/mirko/.m2/repository/com/mks/api/mksapi-jar/4.10.9049/mksapi-jar-4.10.9049.jar:/Users/mirko/.m2/repository/org/apache/maven/scm/maven-scm-provider-jazz/1.9.4/maven-scm-provider-jazz-1.9.4.jar:/Users/mirko/.m2/repository/org/apache/maven/surefire/surefire-booter/2.17/surefire-booter-2.17.jar:/Users/mirko/.m2/repository/org/apache/maven/surefire/surefire-api/2.17/surefire-api-2.17.jar:/Users/mirko/.m2/repository/org/apache/maven/surefire/maven-surefire-common/2.17/maven-surefire-common-2.17.jar:/Users/mirko/.m2/repository/org/apache/maven/plugin-tools/maven-plugin-annotations/3.2/maven-plugin-annotations-3.2.jar:/Users/mirko/.m2/repository/org/apache/maven/maven-plugin-descriptor/2.0.9/maven-plugin-descriptor-2.0.9.jar:/Users/mirko/.m2/repository/org/apache/maven/maven-core/2.0.9/maven-core-2.0.9.jar:/Users/mirko/.m2/repository/org/apache/maven/maven-plugin-parameter-documenter/2.0.9/maven-plugin-parameter-documenter-2.0.9.jar:/Users/mirko/.m2/repository/org/apache/maven/maven-error-diagnostics/2.0.9/maven-error-diagnostics-2.0.9.jar:/Users/mirko/.m2/repository/org/apache/maven/maven-monitor/2.0.9/maven-monitor-2.0.9.jar:/Users/mirko/.m2/repository/org/apache/commons/commons-lang3/3.1/commons-lang3-3.1.jar:/Users/mirko/.m2/repository/org/apache/maven/maven-artifact/2.2.1/maven-artifact-2.2.1.jar:/Users/mirko/.m2/repository/org/apache/maven/maven-toolchain/2.2.1/maven-toolchain-2.2.1.jar:/Users/mirko/.m2/repository/org/slf4j/jul-to-slf4j/1.7.12/jul-to-slf4j-1.7.12.jar:/Users/mirko/.m2/repository/uk/org/lidalia/sysout-over-slf4j/1.0.2/sysout-over-slf4j-1.0.2.jar:/Users/mirko/git/My_Avro/lang/java/ipc/target/classes:/Users/mirko/git/My_Avro/lang/java/avro/target/classes:/Users/mirko/.m2/repository/com/fasterxml/jackson/core/jackson-databind/2.12.4/jackson-databind-2.12.4.jar:/Users/mirko/.m2/repository/com/fasterxml/jackson/core/jackson-annotations/2.12.4/jackson-annotations-2.12.4.jar:/Users/mirko/.m2/repository/org/apache/velocity/velocity-engine-core/2.3/velocity-engine-core-2.3.jar:/Users/mirko/.m2/repository/javax/annotation/javax.annotation-api/1.3.2/javax.annotation-api-1.3.2.jar:/Users/mirko/.m2/repository/org/tukaani/xz/1.9/xz-1.9.jar:/Users/mirko/.m2/repository/com/github/luben/zstd-jni/1.5.0-4/zstd-jni-1.5.0-4.jar:/Users/mirko/git/My_Avro/lang/java/ipc-jetty/target/classes:/Users/mirko/.m2/repository/org/eclipse/jetty/jetty-server/9.4.43.v20210629/jetty-server-9.4.43.v20210629.jar:/Users/mirko/.m2/repository/javax/servlet/javax.servlet-api/4.0.1/javax.servlet-api-4.0.1.jar:/Users/mirko/.m2/repository/org/eclipse/jetty/jetty-http/9.4.43.v20210629/jetty-http-9.4.43.v20210629.jar:/Users/mirko/.m2/repository/org/eclipse/jetty/jetty-io/9.4.43.v20210629/jetty-io-9.4.43.v20210629.jar:/Users/mirko/.m2/repository/org/eclipse/jetty/jetty-servlet/9.4.43.v20210629/jetty-servlet-9.4.43.v20210629.jar:/Users/mirko/.m2/repository/org/eclipse/jetty/jetty-security/9.4.43.v20210629/jetty-security-9.4.43.v20210629.jar:/Users/mirko/.m2/repository/org/eclipse/jetty/jetty-util-ajax/9.4.43.v20210629/jetty-util-ajax-9.4.43.v20210629.jar:/Users/mirko/.m2/repository/org/eclipse/jetty/jetty-util/9.4.43.v20210629/jetty-util-9.4.43.v20210629.jar:/Users/mirko/git/My_Avro/lang/java/ipc/target/test-classes:/Users/mirko/git/My_Avro/lang/java/avro/target/test-classes:/Users/mirko/.m2/repository/org/apache/commons/commons-compress/1.21/commons-compress-1.21.jar:/Users/mirko/.m2/repository/org/easymock/easymock/4.3/easymock-4.3.jar:/Users/mirko/.m2/repository/org/objenesis/objenesis/3.2/objenesis-3.2.jar:/Users/mirko/.m2/repository/org/hamcrest/hamcrest-library/2.2/hamcrest-library-2.2.jar:/Users/mirko/.m2/repository/org/hamcrest/hamcrest-core/2.2/hamcrest-core-2.2.jar:/Users/mirko/.m2/repository/org/hamcrest/hamcrest/2.2/hamcrest-2.2.jar:/Users/mirko/.m2/repository/com/fasterxml/jackson/core/jackson-core/2.12.4/jackson-core-2.12.4.jar:/Users/mirko/.m2/repository/org/apache/hadoop/hadoop-client/3.3.1/hadoop-client-3.3.1.jar:/Users/mirko/.m2/repository/org/apache/hadoop/hadoop-common/3.3.1/hadoop-common-3.3.1.jar:/Users/mirko/.m2/repository/org/apache/hadoop/thirdparty/hadoop-shaded-protobuf_3_7/1.1.1/hadoop-shaded-protobuf_3_7-1.1.1.jar:/Users/mirko/.m2/repository/org/apache/hadoop/thirdparty/hadoop-shaded-guava/1.1.1/hadoop-shaded-guava-1.1.1.jar:/Users/mirko/.m2/repository/com/google/guava/guava/27.0-jre/guava-27.0-jre.jar:/Users/mirko/.m2/repository/com/google/guava/failureaccess/1.0/failureaccess-1.0.jar:/Users/mirko/.m2/repository/com/google/guava/listenablefuture/9999.0-empty-to-avoid-conflict-with-guava/listenablefuture-9999.0-empty-to-avoid-conflict-with-guava.jar:/Users/mirko/.m2/repository/org/checkerframework/checker-qual/2.5.2/checker-qual-2.5.2.jar:/Users/mirko/.m2/repository/com/google/j2objc/j2objc-annotations/1.1/j2objc-annotations-1.1.jar:/Users/mirko/.m2/repository/org/codehaus/mojo/animal-sniffer-annotations/1.17/animal-sniffer-annotations-1.17.jar:/Users/mirko/.m2/repository/commons-cli/commons-cli/1.2/commons-cli-1.2.jar:/Users/mirko/.m2/repository/org/apache/commons/commons-math3/3.1.1/commons-math3-3.1.1.jar:/Users/mirko/.m2/repository/org/apache/httpcomponents/httpclient/4.5.13/httpclient-4.5.13.jar:/Users/mirko/.m2/repository/org/apache/httpcomponents/httpcore/4.4.13/httpcore-4.4.13.jar:/Users/mirko/.m2/repository/commons-codec/commons-codec/1.11/commons-codec-1.11.jar:/Users/mirko/.m2/repository/commons-io/commons-io/2.8.0/commons-io-2.8.0.jar:/Users/mirko/.m2/repository/commons-net/commons-net/3.6/commons-net-3.6.jar:/Users/mirko/.m2/repository/jakarta/activation/jakarta.activation-api/1.2.1/jakarta.activation-api-1.2.1.jar:/Users/mirko/.m2/repository/org/eclipse/jetty/jetty-webapp/9.4.40.v20210413/jetty-webapp-9.4.40.v20210413.jar:/Users/mirko/.m2/repository/org/eclipse/jetty/jetty-xml/9.4.40.v20210413/jetty-xml-9.4.40.v20210413.jar:/Users/mirko/.m2/repository/javax/servlet/jsp/jsp-api/2.1/jsp-api-2.1.jar:/Users/mirko/.m2/repository/com/sun/jersey/jersey-servlet/1.19/jersey-servlet-1.19.jar:/Users/mirko/.m2/repository/log4j/log4j/1.2.17/log4j-1.2.17.jar:/Users/mirko/.m2/repository/org/apache/commons/commons-configuration2/2.1.1/commons-configuration2-2.1.1.jar:/Users/mirko/.m2/repository/org/apache/commons/commons-text/1.4/commons-text-1.4.jar:/Users/mirko/.m2/repository/com/google/re2j/re2j/1.1/re2j-1.1.jar:/Users/mirko/.m2/repository/com/google/protobuf/protobuf-java/2.5.0/protobuf-java-2.5.0.jar:/Users/mirko/.m2/repository/com/google/code/gson/gson/2.2.4/gson-2.2.4.jar:/Users/mirko/.m2/repository/org/apache/hadoop/hadoop-auth/3.3.1/hadoop-auth-3.3.1.jar:/Users/mirko/.m2/repository/com/nimbusds/nimbus-jose-jwt/9.8.1/nimbus-jose-jwt-9.8.1.jar:/Users/mirko/.m2/repository/com/github/stephenc/jcip/jcip-annotations/1.0-1/jcip-annotations-1.0-1.jar:/Users/mirko/.m2/repository/net/minidev/json-smart/2.4.2/json-smart-2.4.2.jar:/Users/mirko/.m2/repository/net/minidev/accessors-smart/2.4.2/accessors-smart-2.4.2.jar:/Users/mirko/.m2/repository/org/ow2/asm/asm/8.0.1/asm-8.0.1.jar:/Users/mirko/.m2/repository/org/apache/curator/curator-framework/4.2.0/curator-framework-4.2.0.jar:/Users/mirko/.m2/repository/org/apache/kerby/kerb-simplekdc/1.0.1/kerb-simplekdc-1.0.1.jar:/Users/mirko/.m2/repository/org/apache/kerby/kerb-client/1.0.1/kerb-client-1.0.1.jar:/Users/mirko/.m2/repository/org/apache/kerby/kerby-config/1.0.1/kerby-config-1.0.1.jar:/Users/mirko/.m2/repository/org/apache/kerby/kerb-common/1.0.1/kerb-common-1.0.1.jar:/Users/mirko/.m2/repository/org/apache/kerby/kerb-crypto/1.0.1/kerb-crypto-1.0.1.jar:/Users/mirko/.m2/repository/org/apache/kerby/kerb-util/1.0.1/kerb-util-1.0.1.jar:/Users/mirko/.m2/repository/org/apache/kerby/token-provider/1.0.1/token-provider-1.0.1.jar:/Users/mirko/.m2/repository/org/apache/kerby/kerb-admin/1.0.1/kerb-admin-1.0.1.jar:/Users/mirko/.m2/repository/org/apache/kerby/kerb-server/1.0.1/kerb-server-1.0.1.jar:/Users/mirko/.m2/repository/org/apache/kerby/kerb-identity/1.0.1/kerb-identity-1.0.1.jar:/Users/mirko/.m2/repository/org/apache/kerby/kerby-xdr/1.0.1/kerby-xdr-1.0.1.jar:/Users/mirko/.m2/repository/org/apache/curator/curator-client/4.2.0/curator-client-4.2.0.jar:/Users/mirko/.m2/repository/org/apache/curator/curator-recipes/4.2.0/curator-recipes-4.2.0.jar:/Users/mirko/.m2/repository/org/apache/htrace/htrace-core4/4.1.0-incubating/htrace-core4-4.1.0-incubating.jar:/Users/mirko/.m2/repository/org/apache/kerby/kerb-core/1.0.1/kerb-core-1.0.1.jar:/Users/mirko/.m2/repository/org/apache/kerby/kerby-pkix/1.0.1/kerby-pkix-1.0.1.jar:/Users/mirko/.m2/repository/org/apache/kerby/kerby-asn1/1.0.1/kerby-asn1-1.0.1.jar:/Users/mirko/.m2/repository/org/apache/kerby/kerby-util/1.0.1/kerby-util-1.0.1.jar:/Users/mirko/.m2/repository/org/codehaus/woodstox/stax2-api/4.2.1/stax2-api-4.2.1.jar:/Users/mirko/.m2/repository/com/fasterxml/woodstox/woodstox-core/5.3.0/woodstox-core-5.3.0.jar:/Users/mirko/.m2/repository/dnsjava/dnsjava/2.1.7/dnsjava-2.1.7.jar:/Users/mirko/.m2/repository/org/apache/hadoop/hadoop-hdfs-client/3.3.1/hadoop-hdfs-client-3.3.1.jar:/Users/mirko/.m2/repository/com/squareup/okhttp/okhttp/2.7.5/okhttp-2.7.5.jar:/Users/mirko/.m2/repository/com/squareup/okio/okio/1.6.0/okio-1.6.0.jar:/Users/mirko/.m2/repository/org/apache/hadoop/hadoop-yarn-api/3.3.1/hadoop-yarn-api-3.3.1.jar:/Users/mirko/.m2/repository/javax/xml/bind/jaxb-api/2.2.11/jaxb-api-2.2.11.jar:/Users/mirko/.m2/repository/org/apache/hadoop/hadoop-yarn-client/3.3.1/hadoop-yarn-client-3.3.1.jar:/Users/mirko/.m2/repository/org/eclipse/jetty/websocket/websocket-client/9.4.40.v20210413/websocket-client-9.4.40.v20210413.jar:/Users/mirko/.m2/repository/org/eclipse/jetty/jetty-client/9.4.40.v20210413/jetty-client-9.4.40.v20210413.jar:/Users/mirko/.m2/repository/org/eclipse/jetty/websocket/websocket-common/9.4.40.v20210413/websocket-common-9.4.40.v20210413.jar:/Users/mirko/.m2/repository/org/eclipse/jetty/websocket/websocket-api/9.4.40.v20210413/websocket-api-9.4.40.v20210413.jar:/Users/mirko/.m2/repository/org/jline/jline/3.9.0/jline-3.9.0.jar:/Users/mirko/.m2/repository/org/apache/hadoop/hadoop-mapreduce-client-core/3.3.1/hadoop-mapreduce-client-core-3.3.1.jar:/Users/mirko/.m2/repository/org/apache/hadoop/hadoop-yarn-common/3.3.1/hadoop-yarn-common-3.3.1.jar:/Users/mirko/.m2/repository/com/sun/jersey/jersey-core/1.19/jersey-core-1.19.jar:/Users/mirko/.m2/repository/javax/ws/rs/jsr311-api/1.1.1/jsr311-api-1.1.1.jar:/Users/mirko/.m2/repository/com/sun/jersey/jersey-client/1.19/jersey-client-1.19.jar:/Users/mirko/.m2/repository/com/fasterxml/jackson/module/jackson-module-jaxb-annotations/2.10.5/jackson-module-jaxb-annotations-2.10.5.jar:/Users/mirko/.m2/repository/jakarta/xml/bind/jakarta.xml.bind-api/2.3.2/jakarta.xml.bind-api-2.3.2.jar:/Users/mirko/.m2/repository/com/fasterxml/jackson/jaxrs/jackson-jaxrs-json-provider/2.10.5/jackson-jaxrs-json-provider-2.10.5.jar:/Users/mirko/.m2/repository/com/fasterxml/jackson/jaxrs/jackson-jaxrs-base/2.10.5/jackson-jaxrs-base-2.10.5.jar:/Users/mirko/.m2/repository/org/apache/hadoop/hadoop-mapreduce-client-jobclient/3.3.1/hadoop-mapreduce-client-jobclient-3.3.1.jar:/Users/mirko/.m2/repository/org/apache/hadoop/hadoop-mapreduce-client-common/3.3.1/hadoop-mapreduce-client-common-3.3.1.jar:/Users/mirko/.m2/repository/org/apache/hadoop/hadoop-annotations/3.3.1/hadoop-annotations-3.3.1.jar:/Users/mirko/.m2/repository/org/xerial/snappy/snappy-java/1.1.8.4/snappy-java-1.1.8.4.jar:/Users/mirko/.m2/repository/junit/junit/4.13.2/junit-4.13.2.jar:/Users/mirko/.m2/repository/org/slf4j/slf4j-api/1.7.32/slf4j-api-1.7.32.jar:/Users/mirko/.m2/repository/org/slf4j/slf4j-simple/1.7.32/slf4j-simple-1.7.32.jar:/Users/mirko/.m2/repository/org/jboss/arquillian/junit/arquillian-junit-standalone/1.6.0.Final/arquillian-junit-standalone-1.6.0.Final.jar:/Users/mirko/.m2/repository/org/jboss/arquillian/junit/arquillian-junit-core/1.6.0.Final/arquillian-junit-core-1.6.0.Final.jar:/Users/mirko/.m2/repository/org/jboss/arquillian/test/arquillian-test-spi/1.6.0.Final/arquillian-test-spi-1.6.0.Final.jar:/Users/mirko/.m2/repository/org/jboss/arquillian/core/arquillian-core-spi/1.6.0.Final/arquillian-core-spi-1.6.0.Final.jar:/Users/mirko/.m2/repository/org/jboss/arquillian/test/arquillian-test-api/1.6.0.Final/arquillian-test-api-1.6.0.Final.jar:/Users/mirko/.m2/repository/org/jboss/arquillian/core/arquillian-core-impl-base/1.6.0.Final/arquillian-core-impl-base-1.6.0.Final.jar:/Users/mirko/.m2/repository/org/jboss/arquillian/core/arquillian-core-api/1.6.0.Final/arquillian-core-api-1.6.0.Final.jar:/Users/mirko/.m2/repository/org/jboss/arquillian/test/arquillian-test-impl-base/1.6.0.Final/arquillian-test-impl-base-1.6.0.Final.jar:/Users/mirko/.m2/repository/org/jboss/arquillian/config/arquillian-config-impl-base/1.6.0.Final/arquillian-config-impl-base-1.6.0.Final.jar:/Users/mirko/.m2/repository/org/jboss/arquillian/config/arquillian-config-api/1.6.0.Final/arquillian-config-api-1.6.0.Final.jar:/Users/mirko/.m2/repository/org/jboss/shrinkwrap/descriptors/shrinkwrap-descriptors-api-base/2.0.0/shrinkwrap-descriptors-api-base-2.0.0.jar:/Users/mirko/.m2/repository/org/jboss/arquillian/config/arquillian-config-spi/1.6.0.Final/arquillian-config-spi-1.6.0.Final.jar:/Users/mirko/.m2/repository/org/jboss/shrinkwrap/descriptors/shrinkwrap-descriptors-spi/2.0.0/shrinkwrap-descriptors-spi-2.0.0.jar:"/>
    <property name="sun.cpu.endian" value="little"/>
    <property name="user.home" value="/Users/mirko"/>
    <property name="user.language" value="it"/>
    <property name="java.specification.vendor" value="Oracle Corporation"/>
    <property name="java.version.date" value="2021-04-20"/>
    <property name="java.home" value="/Library/Java/JavaVirtualMachines/adoptopenjdk-11.jdk/Contents/Home"/>
    <property name="file.separator" value="/"/>
    <property name="basedir" value="/Users/mirko/git/My_Avro/lang/java/mapred"/>
    <property name="java.vm.compressedOopsMode" value="Zero based"/>
    <property name="line.separator" value="&#10;"/>
    <property name="java.specification.name" value="Java Platform API Specification"/>
    <property name="java.vm.specification.vendor" value="Oracle Corporation"/>
    <property name="java.awt.graphicsenv" value="sun.awt.CGraphicsEnvironment"/>
    <property name="surefire.real.class.path" value="/Users/mirko/git/My_Avro/lang/java/mapred/target/surefire/surefirebooter12481872895356687318.jar"/>
    <property name="sun.management.compiler" value="HotSpot 64-Bit Tiered Compilers"/>
    <property name="ftp.nonProxyHosts" value="local|*.local|169.254/16|*.169.254/16"/>
    <property name="java.runtime.version" value="11.0.11+9"/>
    <property name="user.name" value="mirko"/>
    <property name="path.separator" value=":"/>
    <property name="os.version" value="11.3"/>
    <property name="java.runtime.name" value="OpenJDK Runtime Environment"/>
    <property name="file.encoding" value="UTF-8"/>
    <property name="java.vm.name" value="OpenJDK 64-Bit Server VM"/>
    <property name="java.vendor.version" value="AdoptOpenJDK-11.0.11+9"/>
    <property name="localRepository" value="/Users/mirko/.m2/repository"/>
    <property name="java.vendor.url.bug" value="https://github.com/AdoptOpenJDK/openjdk-support/issues"/>
    <property name="java.io.tmpdir" value="/var/folders/__/12bl209d1ls4z283rflhl8lm0000gn/T/"/>
    <property name="java.version" value="11.0.11"/>
    <property name="user.dir" value="/Users/mirko/git/My_Avro/lang/java/mapred"/>
    <property name="os.arch" value="x86_64"/>
    <property name="java.vm.specification.name" value="Java Virtual Machine Specification"/>
    <property name="java.awt.printerjob" value="sun.lwawt.macosx.CPrinterJob"/>
    <property name="sun.os.patch.level" value="unknown"/>
    <property name="java.library.path" value="/Users/mirko/Library/Java/Extensions:/Library/Java/Extensions:/Network/Library/Java/Extensions:/System/Library/Java/Extensions:/usr/lib/java:."/>
    <property name="java.vm.info" value="mixed mode"/>
    <property name="java.vendor" value="AdoptOpenJDK"/>
    <property name="java.vm.version" value="11.0.11+9"/>
    <property name="sun.io.unicode.encoding" value="UnicodeBig"/>
    <property name="java.class.version" value="55.0"/>
    <property name="socksNonProxyHosts" value="local|*.local|169.254/16|*.169.254/16"/>
  </properties>
  <testcase name="testLenght[0]" classname="org.apache.avro.mapred.FsInputTest" time="1.217">
    <system-err><![CDATA[[main] WARN org.apache.hadoop.util.NativeCodeLoader - Unable to load native-hadoop library for your platform... using builtin-java classes where applicable
log4j:WARN No appenders could be found for logger (org.apache.htrace.core.Tracer).
log4j:WARN Please initialize the log4j system properly.
log4j:WARN See http://logging.apache.org/log4j/1.2/faq.html#noconfig for more info.
]]></system-err>
  </testcase>
  <testcase name="testSeekTell[0]" classname="org.apache.avro.mapred.FsInputTest" time="0.016"/>
  <testcase name="testLenght[1]" classname="org.apache.avro.mapred.FsInputTest" time="0.021"/>
  <testcase name="testSeekTell[1]" classname="org.apache.avro.mapred.FsInputTest" time="0.017"/>
</testsuite>