<?xml version="1.0" encoding="UTF-8"?>
<testsuite xmlns:xsi="http://www.w3.org/2001/XMLSchema-instance" xsi:noNamespaceSchemaLocation="https://maven.apache.org/surefire/maven-surefire-plugin/xsd/surefire-test-report-3.0.xsd" version="3.0" name="org.apache.avro.mapred.TestAvroWrapper" time="0.005" tests="4" errors="0" skipped="0" failures="0">
  <properties>
    <property name="gopherProxySet" value="false"/>
    <property name="awt.toolkit" value="sun.lwawt.macosx.LWCToolkit"/>
    <property name="java.specification.version" value="11"/>
    <property name="sun.cpu.isalist" value=""/>
    <property name="sun.jnu.encoding" value="UTF-8"/>
    <property name="java.class.path" value="/Users/mirko/.m2/repository/org/apache/maven/surefire/surefire-booter/3.0.0-M5/surefire-booter-3.0.0-M5.jar:/Users/mirko/.m2/repository/org/apache/maven/surefire/surefire-api/3.0.0-M5/surefire-api-3.0.0-M5.jar:/Users/mirko/.m2/repository/org/apache/maven/surefire/surefire-logger-api/3.0.0-M5/surefire-logger-api-3.0.0-M5.jar:/Users/mirko/.m2/repository/org/apache/maven/surefire/surefire-shared-utils/3.0.0-M4/surefire-shared-utils-3.0.0-M4.jar:/Users/mirko/.m2/repository/org/apache/maven/surefire/surefire-extensions-spi/3.0.0-M5/surefire-extensions-spi-3.0.0-M5.jar:/Users/mirko/git/My_Avro/lang/java/mapred/target/test-classes:/Users/mirko/git/My_Avro/lang/java/mapred/target/classes:/Users/mirko/git/My_Avro/lang/java/ipc/target/avro-ipc-1.11.0-SNAPSHOT.jar:/Users/mirko/git/My_Avro/lang/java/avro/target/avro-1.11.0-SNAPSHOT.jar:/Users/mirko/.m2/repository/com/fasterxml/jackson/core/jackson-databind/2.12.4/jackson-databind-2.12.4.jar:/Users/mirko/.m2/repository/com/fasterxml/jackson/core/jackson-annotations/2.12.4/jackson-annotations-2.12.4.jar:/Users/mirko/.m2/repository/org/apache/velocity/velocity-engine-core/2.3/velocity-engine-core-2.3.jar:/Users/mirko/.m2/repository/org/apache/commons/commons-lang3/3.11/commons-lang3-3.11.jar:/Users/mirko/.m2/repository/javax/annotation/javax.annotation-api/1.3.2/javax.annotation-api-1.3.2.jar:/Users/mirko/.m2/repository/org/tukaani/xz/1.9/xz-1.9.jar:/Users/mirko/.m2/repository/com/github/luben/zstd-jni/1.5.0-4/zstd-jni-1.5.0-4.jar:/Users/mirko/git/My_Avro/lang/java/ipc-jetty/target/avro-ipc-jetty-1.11.0-SNAPSHOT.jar:/Users/mirko/.m2/repository/org/eclipse/jetty/jetty-server/9.4.43.v20210629/jetty-server-9.4.43.v20210629.jar:/Users/mirko/.m2/repository/javax/servlet/javax.servlet-api/4.0.1/javax.servlet-api-4.0.1.jar:/Users/mirko/.m2/repository/org/eclipse/jetty/jetty-http/9.4.43.v20210629/jetty-http-9.4.43.v20210629.jar:/Users/mirko/.m2/repository/org/eclipse/jetty/jetty-io/9.4.43.v20210629/jetty-io-9.4.43.v20210629.jar:/Users/mirko/.m2/repository/org/eclipse/jetty/jetty-servlet/9.4.43.v20210629/jetty-servlet-9.4.43.v20210629.jar:/Users/mirko/.m2/repository/org/eclipse/jetty/jetty-security/9.4.43.v20210629/jetty-security-9.4.43.v20210629.jar:/Users/mirko/.m2/repository/org/eclipse/jetty/jetty-util-ajax/9.4.43.v20210629/jetty-util-ajax-9.4.43.v20210629.jar:/Users/mirko/.m2/repository/org/eclipse/jetty/jetty-util/9.4.43.v20210629/jetty-util-9.4.43.v20210629.jar:/Users/mirko/git/My_Avro/lang/java/ipc/target/avro-ipc-1.11.0-SNAPSHOT-tests.jar:/Users/mirko/git/My_Avro/lang/java/avro/target/avro-1.11.0-SNAPSHOT-tests.jar:/Users/mirko/.m2/repository/org/apache/commons/commons-compress/1.21/commons-compress-1.21.jar:/Users/mirko/.m2/repository/org/easymock/easymock/4.3/easymock-4.3.jar:/Users/mirko/.m2/repository/org/objenesis/objenesis/3.2/objenesis-3.2.jar:/Users/mirko/.m2/repository/org/hamcrest/hamcrest-library/2.2/hamcrest-library-2.2.jar:/Users/mirko/.m2/repository/org/hamcrest/hamcrest-core/2.2/hamcrest-core-2.2.jar:/Users/mirko/.m2/repository/org/hamcrest/hamcrest/2.2/hamcrest-2.2.jar:/Users/mirko/.m2/repository/com/fasterxml/jackson/core/jackson-core/2.12.4/jackson-core-2.12.4.jar:/Users/mirko/.m2/repository/org/apache/hadoop/hadoop-client/3.3.1/hadoop-client-3.3.1.jar:/Users/mirko/.m2/repository/org/apache/hadoop/hadoop-common/3.3.1/hadoop-common-3.3.1.jar:/Users/mirko/.m2/repository/org/apache/hadoop/thirdparty/hadoop-shaded-protobuf_3_7/1.1.1/hadoop-shaded-protobuf_3_7-1.1.1.jar:/Users/mirko/.m2/repository/org/apache/hadoop/thirdparty/hadoop-shaded-guava/1.1.1/hadoop-shaded-guava-1.1.1.jar:/Users/mirko/.m2/repository/com/google/guava/guava/27.0-jre/guava-27.0-jre.jar:/Users/mirko/.m2/repository/com/google/guava/failureaccess/1.0/failureaccess-1.0.jar:/Users/mirko/.m2/repository/com/google/guava/listenablefuture/9999.0-empty-to-avoid-conflict-with-guava/listenablefuture-9999.0-empty-to-avoid-conflict-with-guava.jar:/Users/mirko/.m2/repository/org/checkerframework/checker-qual/2.5.2/checker-qual-2.5.2.jar:/Users/mirko/.m2/repository/com/google/j2objc/j2objc-annotations/1.1/j2objc-annotations-1.1.jar:/Users/mirko/.m2/repository/org/codehaus/mojo/animal-sniffer-annotations/1.17/animal-sniffer-annotations-1.17.jar:/Users/mirko/.m2/repository/commons-cli/commons-cli/1.2/commons-cli-1.2.jar:/Users/mirko/.m2/repository/org/apache/commons/commons-math3/3.1.1/commons-math3-3.1.1.jar:/Users/mirko/.m2/repository/org/apache/httpcomponents/httpclient/4.5.13/httpclient-4.5.13.jar:/Users/mirko/.m2/repository/org/apache/httpcomponents/httpcore/4.4.13/httpcore-4.4.13.jar:/Users/mirko/.m2/repository/commons-codec/commons-codec/1.11/commons-codec-1.11.jar:/Users/mirko/.m2/repository/commons-io/commons-io/2.8.0/commons-io-2.8.0.jar:/Users/mirko/.m2/repository/commons-net/commons-net/3.6/commons-net-3.6.jar:/Users/mirko/.m2/repository/commons-collections/commons-collections/3.2.2/commons-collections-3.2.2.jar:/Users/mirko/.m2/repository/jakarta/activation/jakarta.activation-api/1.2.1/jakarta.activation-api-1.2.1.jar:/Users/mirko/.m2/repository/org/eclipse/jetty/jetty-webapp/9.4.40.v20210413/jetty-webapp-9.4.40.v20210413.jar:/Users/mirko/.m2/repository/org/eclipse/jetty/jetty-xml/9.4.40.v20210413/jetty-xml-9.4.40.v20210413.jar:/Users/mirko/.m2/repository/javax/servlet/jsp/jsp-api/2.1/jsp-api-2.1.jar:/Users/mirko/.m2/repository/com/sun/jersey/jersey-servlet/1.19/jersey-servlet-1.19.jar:/Users/mirko/.m2/repository/commons-logging/commons-logging/1.1.3/commons-logging-1.1.3.jar:/Users/mirko/.m2/repository/log4j/log4j/1.2.17/log4j-1.2.17.jar:/Users/mirko/.m2/repository/commons-beanutils/commons-beanutils/1.9.4/commons-beanutils-1.9.4.jar:/Users/mirko/.m2/repository/org/apache/commons/commons-configuration2/2.1.1/commons-configuration2-2.1.1.jar:/Users/mirko/.m2/repository/org/apache/commons/commons-text/1.4/commons-text-1.4.jar:/Users/mirko/.m2/repository/com/google/re2j/re2j/1.1/re2j-1.1.jar:/Users/mirko/.m2/repository/com/google/protobuf/protobuf-java/2.5.0/protobuf-java-2.5.0.jar:/Users/mirko/.m2/repository/com/google/code/gson/gson/2.2.4/gson-2.2.4.jar:/Users/mirko/.m2/repository/org/apache/hadoop/hadoop-auth/3.3.1/hadoop-auth-3.3.1.jar:/Users/mirko/.m2/repository/com/nimbusds/nimbus-jose-jwt/9.8.1/nimbus-jose-jwt-9.8.1.jar:/Users/mirko/.m2/repository/com/github/stephenc/jcip/jcip-annotations/1.0-1/jcip-annotations-1.0-1.jar:/Users/mirko/.m2/repository/net/minidev/json-smart/2.4.2/json-smart-2.4.2.jar:/Users/mirko/.m2/repository/net/minidev/accessors-smart/2.4.2/accessors-smart-2.4.2.jar:/Users/mirko/.m2/repository/org/ow2/asm/asm/8.0.1/asm-8.0.1.jar:/Users/mirko/.m2/repository/org/apache/curator/curator-framework/4.2.0/curator-framework-4.2.0.jar:/Users/mirko/.m2/repository/org/apache/kerby/kerb-simplekdc/1.0.1/kerb-simplekdc-1.0.1.jar:/Users/mirko/.m2/repository/org/apache/kerby/kerb-client/1.0.1/kerb-client-1.0.1.jar:/Users/mirko/.m2/repository/org/apache/kerby/kerby-config/1.0.1/kerby-config-1.0.1.jar:/Users/mirko/.m2/repository/org/apache/kerby/kerb-common/1.0.1/kerb-common-1.0.1.jar:/Users/mirko/.m2/repository/org/apache/kerby/kerb-crypto/1.0.1/kerb-crypto-1.0.1.jar:/Users/mirko/.m2/repository/org/apache/kerby/kerb-util/1.0.1/kerb-util-1.0.1.jar:/Users/mirko/.m2/repository/org/apache/kerby/token-provider/1.0.1/token-provider-1.0.1.jar:/Users/mirko/.m2/repository/org/apache/kerby/kerb-admin/1.0.1/kerb-admin-1.0.1.jar:/Users/mirko/.m2/repository/org/apache/kerby/kerb-server/1.0.1/kerb-server-1.0.1.jar:/Users/mirko/.m2/repository/org/apache/kerby/kerb-identity/1.0.1/kerb-identity-1.0.1.jar:/Users/mirko/.m2/repository/org/apache/kerby/kerby-xdr/1.0.1/kerby-xdr-1.0.1.jar:/Users/mirko/.m2/repository/org/apache/curator/curator-client/4.2.0/curator-client-4.2.0.jar:/Users/mirko/.m2/repository/org/apache/curator/curator-recipes/4.2.0/curator-recipes-4.2.0.jar:/Users/mirko/.m2/repository/org/apache/htrace/htrace-core4/4.1.0-incubating/htrace-core4-4.1.0-incubating.jar:/Users/mirko/.m2/repository/org/apache/kerby/kerb-core/1.0.1/kerb-core-1.0.1.jar:/Users/mirko/.m2/repository/org/apache/kerby/kerby-pkix/1.0.1/kerby-pkix-1.0.1.jar:/Users/mirko/.m2/repository/org/apache/kerby/kerby-asn1/1.0.1/kerby-asn1-1.0.1.jar:/Users/mirko/.m2/repository/org/apache/kerby/kerby-util/1.0.1/kerby-util-1.0.1.jar:/Users/mirko/.m2/repository/org/codehaus/woodstox/stax2-api/4.2.1/stax2-api-4.2.1.jar:/Users/mirko/.m2/repository/com/fasterxml/woodstox/woodstox-core/5.3.0/woodstox-core-5.3.0.jar:/Users/mirko/.m2/repository/dnsjava/dnsjava/2.1.7/dnsjava-2.1.7.jar:/Users/mirko/.m2/repository/org/apache/hadoop/hadoop-hdfs-client/3.3.1/hadoop-hdfs-client-3.3.1.jar:/Users/mirko/.m2/repository/com/squareup/okhttp/okhttp/2.7.5/okhttp-2.7.5.jar:/Users/mirko/.m2/repository/com/squareup/okio/okio/1.6.0/okio-1.6.0.jar:/Users/mirko/.m2/repository/org/apache/hadoop/hadoop-yarn-api/3.3.1/hadoop-yarn-api-3.3.1.jar:/Users/mirko/.m2/repository/javax/xml/bind/jaxb-api/2.2.11/jaxb-api-2.2.11.jar:/Users/mirko/.m2/repository/org/apache/hadoop/hadoop-yarn-client/3.3.1/hadoop-yarn-client-3.3.1.jar:/Users/mirko/.m2/repository/org/eclipse/jetty/websocket/websocket-client/9.4.40.v20210413/websocket-client-9.4.40.v20210413.jar:/Users/mirko/.m2/repository/org/eclipse/jetty/jetty-client/9.4.40.v20210413/jetty-client-9.4.40.v20210413.jar:/Users/mirko/.m2/repository/org/eclipse/jetty/websocket/websocket-common/9.4.40.v20210413/websocket-common-9.4.40.v20210413.jar:/Users/mirko/.m2/repository/org/eclipse/jetty/websocket/websocket-api/9.4.40.v20210413/websocket-api-9.4.40.v20210413.jar:/Users/mirko/.m2/repository/org/jline/jline/3.9.0/jline-3.9.0.jar:/Users/mirko/.m2/repository/org/apache/hadoop/hadoop-mapreduce-client-core/3.3.1/hadoop-mapreduce-client-core-3.3.1.jar:/Users/mirko/.m2/repository/org/apache/hadoop/hadoop-yarn-common/3.3.1/hadoop-yarn-common-3.3.1.jar:/Users/mirko/.m2/repository/com/sun/jersey/jersey-core/1.19/jersey-core-1.19.jar:/Users/mirko/.m2/repository/javax/ws/rs/jsr311-api/1.1.1/jsr311-api-1.1.1.jar:/Users/mirko/.m2/repository/com/sun/jersey/jersey-client/1.19/jersey-client-1.19.jar:/Users/mirko/.m2/repository/com/fasterxml/jackson/module/jackson-module-jaxb-annotations/2.10.5/jackson-module-jaxb-annotations-2.10.5.jar:/Users/mirko/.m2/repository/jakarta/xml/bind/jakarta.xml.bind-api/2.3.2/jakarta.xml.bind-api-2.3.2.jar:/Users/mirko/.m2/repository/com/fasterxml/jackson/jaxrs/jackson-jaxrs-json-provider/2.10.5/jackson-jaxrs-json-provider-2.10.5.jar:/Users/mirko/.m2/repository/com/fasterxml/jackson/jaxrs/jackson-jaxrs-base/2.10.5/jackson-jaxrs-base-2.10.5.jar:/Users/mirko/.m2/repository/org/apache/hadoop/hadoop-mapreduce-client-jobclient/3.3.1/hadoop-mapreduce-client-jobclient-3.3.1.jar:/Users/mirko/.m2/repository/org/apache/hadoop/hadoop-mapreduce-client-common/3.3.1/hadoop-mapreduce-client-common-3.3.1.jar:/Users/mirko/.m2/repository/org/apache/hadoop/hadoop-annotations/3.3.1/hadoop-annotations-3.3.1.jar:/Users/mirko/.m2/repository/org/xerial/snappy/snappy-java/1.1.8.4/snappy-java-1.1.8.4.jar:/Users/mirko/.m2/repository/junit/junit/4.13.2/junit-4.13.2.jar:/Users/mirko/.m2/repository/org/slf4j/slf4j-api/1.7.32/slf4j-api-1.7.32.jar:/Users/mirko/.m2/repository/org/slf4j/slf4j-simple/1.7.32/slf4j-simple-1.7.32.jar:/Users/mirko/.m2/repository/org/jboss/arquillian/junit/arquillian-junit-standalone/1.6.0.Final/arquillian-junit-standalone-1.6.0.Final.jar:/Users/mirko/.m2/repository/org/jboss/arquillian/junit/arquillian-junit-core/1.6.0.Final/arquillian-junit-core-1.6.0.Final.jar:/Users/mirko/.m2/repository/org/jboss/arquillian/test/arquillian-test-spi/1.6.0.Final/arquillian-test-spi-1.6.0.Final.jar:/Users/mirko/.m2/repository/org/jboss/arquillian/core/arquillian-core-spi/1.6.0.Final/arquillian-core-spi-1.6.0.Final.jar:/Users/mirko/.m2/repository/org/jboss/arquillian/test/arquillian-test-api/1.6.0.Final/arquillian-test-api-1.6.0.Final.jar:/Users/mirko/.m2/repository/org/jboss/arquillian/core/arquillian-core-impl-base/1.6.0.Final/arquillian-core-impl-base-1.6.0.Final.jar:/Users/mirko/.m2/repository/org/jboss/arquillian/core/arquillian-core-api/1.6.0.Final/arquillian-core-api-1.6.0.Final.jar:/Users/mirko/.m2/repository/org/jboss/arquillian/test/arquillian-test-impl-base/1.6.0.Final/arquillian-test-impl-base-1.6.0.Final.jar:/Users/mirko/.m2/repository/org/jboss/arquillian/config/arquillian-config-impl-base/1.6.0.Final/arquillian-config-impl-base-1.6.0.Final.jar:/Users/mirko/.m2/repository/org/jboss/arquillian/config/arquillian-config-api/1.6.0.Final/arquillian-config-api-1.6.0.Final.jar:/Users/mirko/.m2/repository/org/jboss/shrinkwrap/descriptors/shrinkwrap-descriptors-api-base/2.0.0/shrinkwrap-descriptors-api-base-2.0.0.jar:/Users/mirko/.m2/repository/org/jboss/arquillian/config/arquillian-config-spi/1.6.0.Final/arquillian-config-spi-1.6.0.Final.jar:/Users/mirko/.m2/repository/org/jboss/shrinkwrap/descriptors/shrinkwrap-descriptors-spi/2.0.0/shrinkwrap-descriptors-spi-2.0.0.jar:/Users/mirko/.m2/repository/org/apache/maven/surefire/surefire-junit47/3.0.0-M5/surefire-junit47-3.0.0-M5.jar:/Users/mirko/.m2/repository/org/apache/maven/surefire/common-java5/3.0.0-M5/common-java5-3.0.0-M5.jar:/Users/mirko/.m2/repository/org/apache/maven/surefire/common-junit3/3.0.0-M5/common-junit3-3.0.0-M5.jar:/Users/mirko/.m2/repository/org/apache/maven/surefire/common-junit4/3.0.0-M5/common-junit4-3.0.0-M5.jar:/Users/mirko/.m2/repository/org/apache/maven/surefire/common-junit48/3.0.0-M5/common-junit48-3.0.0-M5.jar:/Users/mirko/.m2/repository/org/apache/maven/surefire/surefire-grouper/3.0.0-M5/surefire-grouper-3.0.0-M5.jar"/>
    <property name="java.vm.vendor" value="AdoptOpenJDK"/>
    <property name="sun.arch.data.model" value="64"/>
    <property name="java.vendor.url" value="https://adoptopenjdk.net/"/>
    <property name="user.timezone" value=""/>
    <property name="java.vm.specification.version" value="11"/>
    <property name="os.name" value="Mac OS X"/>
    <property name="sun.java.launcher" value="SUN_STANDARD"/>
    <property name="user.country" value="IT"/>
    <property name="sun.boot.library.path" value="/Library/Java/JavaVirtualMachines/adoptopenjdk-11.jdk/Contents/Home/lib"/>
    <property name="sun.java.command" value="org.apache.maven.surefire.booter.ForkedBooter /Users/mirko/git/My_Avro/lang/java/mapred/target/surefire 2021-08-23T16-34-43_796-jvmRun1 surefire12450189851572837416tmp surefire_02286689908675563890tmp"/>
    <property name="http.nonProxyHosts" value="local|*.local|169.254/16|*.169.254/16"/>
    <property name="jdk.debug" value="release"/>
    <property name="surefire.test.class.path" value="/Users/mirko/git/My_Avro/lang/java/mapred/target/test-classes:/Users/mirko/git/My_Avro/lang/java/mapred/target/classes:/Users/mirko/git/My_Avro/lang/java/ipc/target/avro-ipc-1.11.0-SNAPSHOT.jar:/Users/mirko/git/My_Avro/lang/java/avro/target/avro-1.11.0-SNAPSHOT.jar:/Users/mirko/.m2/repository/com/fasterxml/jackson/core/jackson-databind/2.12.4/jackson-databind-2.12.4.jar:/Users/mirko/.m2/repository/com/fasterxml/jackson/core/jackson-annotations/2.12.4/jackson-annotations-2.12.4.jar:/Users/mirko/.m2/repository/org/apache/velocity/velocity-engine-core/2.3/velocity-engine-core-2.3.jar:/Users/mirko/.m2/repository/org/apache/commons/commons-lang3/3.11/commons-lang3-3.11.jar:/Users/mirko/.m2/repository/javax/annotation/javax.annotation-api/1.3.2/javax.annotation-api-1.3.2.jar:/Users/mirko/.m2/repository/org/tukaani/xz/1.9/xz-1.9.jar:/Users/mirko/.m2/repository/com/github/luben/zstd-jni/1.5.0-4/zstd-jni-1.5.0-4.jar:/Users/mirko/git/My_Avro/lang/java/ipc-jetty/target/avro-ipc-jetty-1.11.0-SNAPSHOT.jar:/Users/mirko/.m2/repository/org/eclipse/jetty/jetty-server/9.4.43.v20210629/jetty-server-9.4.43.v20210629.jar:/Users/mirko/.m2/repository/javax/servlet/javax.servlet-api/4.0.1/javax.servlet-api-4.0.1.jar:/Users/mirko/.m2/repository/org/eclipse/jetty/jetty-http/9.4.43.v20210629/jetty-http-9.4.43.v20210629.jar:/Users/mirko/.m2/repository/org/eclipse/jetty/jetty-io/9.4.43.v20210629/jetty-io-9.4.43.v20210629.jar:/Users/mirko/.m2/repository/org/eclipse/jetty/jetty-servlet/9.4.43.v20210629/jetty-servlet-9.4.43.v20210629.jar:/Users/mirko/.m2/repository/org/eclipse/jetty/jetty-security/9.4.43.v20210629/jetty-security-9.4.43.v20210629.jar:/Users/mirko/.m2/repository/org/eclipse/jetty/jetty-util-ajax/9.4.43.v20210629/jetty-util-ajax-9.4.43.v20210629.jar:/Users/mirko/.m2/repository/org/eclipse/jetty/jetty-util/9.4.43.v20210629/jetty-util-9.4.43.v20210629.jar:/Users/mirko/git/My_Avro/lang/java/ipc/target/avro-ipc-1.11.0-SNAPSHOT-tests.jar:/Users/mirko/git/My_Avro/lang/java/avro/target/avro-1.11.0-SNAPSHOT-tests.jar:/Users/mirko/.m2/repository/org/apache/commons/commons-compress/1.21/commons-compress-1.21.jar:/Users/mirko/.m2/repository/org/easymock/easymock/4.3/easymock-4.3.jar:/Users/mirko/.m2/repository/org/objenesis/objenesis/3.2/objenesis-3.2.jar:/Users/mirko/.m2/repository/org/hamcrest/hamcrest-library/2.2/hamcrest-library-2.2.jar:/Users/mirko/.m2/repository/org/hamcrest/hamcrest-core/2.2/hamcrest-core-2.2.jar:/Users/mirko/.m2/repository/org/hamcrest/hamcrest/2.2/hamcrest-2.2.jar:/Users/mirko/.m2/repository/com/fasterxml/jackson/core/jackson-core/2.12.4/jackson-core-2.12.4.jar:/Users/mirko/.m2/repository/org/apache/hadoop/hadoop-client/3.3.1/hadoop-client-3.3.1.jar:/Users/mirko/.m2/repository/org/apache/hadoop/hadoop-common/3.3.1/hadoop-common-3.3.1.jar:/Users/mirko/.m2/repository/org/apache/hadoop/thirdparty/hadoop-shaded-protobuf_3_7/1.1.1/hadoop-shaded-protobuf_3_7-1.1.1.jar:/Users/mirko/.m2/repository/org/apache/hadoop/thirdparty/hadoop-shaded-guava/1.1.1/hadoop-shaded-guava-1.1.1.jar:/Users/mirko/.m2/repository/com/google/guava/guava/27.0-jre/guava-27.0-jre.jar:/Users/mirko/.m2/repository/com/google/guava/failureaccess/1.0/failureaccess-1.0.jar:/Users/mirko/.m2/repository/com/google/guava/listenablefuture/9999.0-empty-to-avoid-conflict-with-guava/listenablefuture-9999.0-empty-to-avoid-conflict-with-guava.jar:/Users/mirko/.m2/repository/org/checkerframework/checker-qual/2.5.2/checker-qual-2.5.2.jar:/Users/mirko/.m2/repository/com/google/j2objc/j2objc-annotations/1.1/j2objc-annotations-1.1.jar:/Users/mirko/.m2/repository/org/codehaus/mojo/animal-sniffer-annotations/1.17/animal-sniffer-annotations-1.17.jar:/Users/mirko/.m2/repository/commons-cli/commons-cli/1.2/commons-cli-1.2.jar:/Users/mirko/.m2/repository/org/apache/commons/commons-math3/3.1.1/commons-math3-3.1.1.jar:/Users/mirko/.m2/repository/org/apache/httpcomponents/httpclient/4.5.13/httpclient-4.5.13.jar:/Users/mirko/.m2/repository/org/apache/httpcomponents/httpcore/4.4.13/httpcore-4.4.13.jar:/Users/mirko/.m2/repository/commons-codec/commons-codec/1.11/commons-codec-1.11.jar:/Users/mirko/.m2/repository/commons-io/commons-io/2.8.0/commons-io-2.8.0.jar:/Users/mirko/.m2/repository/commons-net/commons-net/3.6/commons-net-3.6.jar:/Users/mirko/.m2/repository/commons-collections/commons-collections/3.2.2/commons-collections-3.2.2.jar:/Users/mirko/.m2/repository/jakarta/activation/jakarta.activation-api/1.2.1/jakarta.activation-api-1.2.1.jar:/Users/mirko/.m2/repository/org/eclipse/jetty/jetty-webapp/9.4.40.v20210413/jetty-webapp-9.4.40.v20210413.jar:/Users/mirko/.m2/repository/org/eclipse/jetty/jetty-xml/9.4.40.v20210413/jetty-xml-9.4.40.v20210413.jar:/Users/mirko/.m2/repository/javax/servlet/jsp/jsp-api/2.1/jsp-api-2.1.jar:/Users/mirko/.m2/repository/com/sun/jersey/jersey-servlet/1.19/jersey-servlet-1.19.jar:/Users/mirko/.m2/repository/commons-logging/commons-logging/1.1.3/commons-logging-1.1.3.jar:/Users/mirko/.m2/repository/log4j/log4j/1.2.17/log4j-1.2.17.jar:/Users/mirko/.m2/repository/commons-beanutils/commons-beanutils/1.9.4/commons-beanutils-1.9.4.jar:/Users/mirko/.m2/repository/org/apache/commons/commons-configuration2/2.1.1/commons-configuration2-2.1.1.jar:/Users/mirko/.m2/repository/org/apache/commons/commons-text/1.4/commons-text-1.4.jar:/Users/mirko/.m2/repository/com/google/re2j/re2j/1.1/re2j-1.1.jar:/Users/mirko/.m2/repository/com/google/protobuf/protobuf-java/2.5.0/protobuf-java-2.5.0.jar:/Users/mirko/.m2/repository/com/google/code/gson/gson/2.2.4/gson-2.2.4.jar:/Users/mirko/.m2/repository/org/apache/hadoop/hadoop-auth/3.3.1/hadoop-auth-3.3.1.jar:/Users/mirko/.m2/repository/com/nimbusds/nimbus-jose-jwt/9.8.1/nimbus-jose-jwt-9.8.1.jar:/Users/mirko/.m2/repository/com/github/stephenc/jcip/jcip-annotations/1.0-1/jcip-annotations-1.0-1.jar:/Users/mirko/.m2/repository/net/minidev/json-smart/2.4.2/json-smart-2.4.2.jar:/Users/mirko/.m2/repository/net/minidev/accessors-smart/2.4.2/accessors-smart-2.4.2.jar:/Users/mirko/.m2/repository/org/ow2/asm/asm/8.0.1/asm-8.0.1.jar:/Users/mirko/.m2/repository/org/apache/curator/curator-framework/4.2.0/curator-framework-4.2.0.jar:/Users/mirko/.m2/repository/org/apache/kerby/kerb-simplekdc/1.0.1/kerb-simplekdc-1.0.1.jar:/Users/mirko/.m2/repository/org/apache/kerby/kerb-client/1.0.1/kerb-client-1.0.1.jar:/Users/mirko/.m2/repository/org/apache/kerby/kerby-config/1.0.1/kerby-config-1.0.1.jar:/Users/mirko/.m2/repository/org/apache/kerby/kerb-common/1.0.1/kerb-common-1.0.1.jar:/Users/mirko/.m2/repository/org/apache/kerby/kerb-crypto/1.0.1/kerb-crypto-1.0.1.jar:/Users/mirko/.m2/repository/org/apache/kerby/kerb-util/1.0.1/kerb-util-1.0.1.jar:/Users/mirko/.m2/repository/org/apache/kerby/token-provider/1.0.1/token-provider-1.0.1.jar:/Users/mirko/.m2/repository/org/apache/kerby/kerb-admin/1.0.1/kerb-admin-1.0.1.jar:/Users/mirko/.m2/repository/org/apache/kerby/kerb-server/1.0.1/kerb-server-1.0.1.jar:/Users/mirko/.m2/repository/org/apache/kerby/kerb-identity/1.0.1/kerb-identity-1.0.1.jar:/Users/mirko/.m2/repository/org/apache/kerby/kerby-xdr/1.0.1/kerby-xdr-1.0.1.jar:/Users/mirko/.m2/repository/org/apache/curator/curator-client/4.2.0/curator-client-4.2.0.jar:/Users/mirko/.m2/repository/org/apache/curator/curator-recipes/4.2.0/curator-recipes-4.2.0.jar:/Users/mirko/.m2/repository/org/apache/htrace/htrace-core4/4.1.0-incubating/htrace-core4-4.1.0-incubating.jar:/Users/mirko/.m2/repository/org/apache/kerby/kerb-core/1.0.1/kerb-core-1.0.1.jar:/Users/mirko/.m2/repository/org/apache/kerby/kerby-pkix/1.0.1/kerby-pkix-1.0.1.jar:/Users/mirko/.m2/repository/org/apache/kerby/kerby-asn1/1.0.1/kerby-asn1-1.0.1.jar:/Users/mirko/.m2/repository/org/apache/kerby/kerby-util/1.0.1/kerby-util-1.0.1.jar:/Users/mirko/.m2/repository/org/codehaus/woodstox/stax2-api/4.2.1/stax2-api-4.2.1.jar:/Users/mirko/.m2/repository/com/fasterxml/woodstox/woodstox-core/5.3.0/woodstox-core-5.3.0.jar:/Users/mirko/.m2/repository/dnsjava/dnsjava/2.1.7/dnsjava-2.1.7.jar:/Users/mirko/.m2/repository/org/apache/hadoop/hadoop-hdfs-client/3.3.1/hadoop-hdfs-client-3.3.1.jar:/Users/mirko/.m2/repository/com/squareup/okhttp/okhttp/2.7.5/okhttp-2.7.5.jar:/Users/mirko/.m2/repository/com/squareup/okio/okio/1.6.0/okio-1.6.0.jar:/Users/mirko/.m2/repository/org/apache/hadoop/hadoop-yarn-api/3.3.1/hadoop-yarn-api-3.3.1.jar:/Users/mirko/.m2/repository/javax/xml/bind/jaxb-api/2.2.11/jaxb-api-2.2.11.jar:/Users/mirko/.m2/repository/org/apache/hadoop/hadoop-yarn-client/3.3.1/hadoop-yarn-client-3.3.1.jar:/Users/mirko/.m2/repository/org/eclipse/jetty/websocket/websocket-client/9.4.40.v20210413/websocket-client-9.4.40.v20210413.jar:/Users/mirko/.m2/repository/org/eclipse/jetty/jetty-client/9.4.40.v20210413/jetty-client-9.4.40.v20210413.jar:/Users/mirko/.m2/repository/org/eclipse/jetty/websocket/websocket-common/9.4.40.v20210413/websocket-common-9.4.40.v20210413.jar:/Users/mirko/.m2/repository/org/eclipse/jetty/websocket/websocket-api/9.4.40.v20210413/websocket-api-9.4.40.v20210413.jar:/Users/mirko/.m2/repository/org/jline/jline/3.9.0/jline-3.9.0.jar:/Users/mirko/.m2/repository/org/apache/hadoop/hadoop-mapreduce-client-core/3.3.1/hadoop-mapreduce-client-core-3.3.1.jar:/Users/mirko/.m2/repository/org/apache/hadoop/hadoop-yarn-common/3.3.1/hadoop-yarn-common-3.3.1.jar:/Users/mirko/.m2/repository/com/sun/jersey/jersey-core/1.19/jersey-core-1.19.jar:/Users/mirko/.m2/repository/javax/ws/rs/jsr311-api/1.1.1/jsr311-api-1.1.1.jar:/Users/mirko/.m2/repository/com/sun/jersey/jersey-client/1.19/jersey-client-1.19.jar:/Users/mirko/.m2/repository/com/fasterxml/jackson/module/jackson-module-jaxb-annotations/2.10.5/jackson-module-jaxb-annotations-2.10.5.jar:/Users/mirko/.m2/repository/jakarta/xml/bind/jakarta.xml.bind-api/2.3.2/jakarta.xml.bind-api-2.3.2.jar:/Users/mirko/.m2/repository/com/fasterxml/jackson/jaxrs/jackson-jaxrs-json-provider/2.10.5/jackson-jaxrs-json-provider-2.10.5.jar:/Users/mirko/.m2/repository/com/fasterxml/jackson/jaxrs/jackson-jaxrs-base/2.10.5/jackson-jaxrs-base-2.10.5.jar:/Users/mirko/.m2/repository/org/apache/hadoop/hadoop-mapreduce-client-jobclient/3.3.1/hadoop-mapreduce-client-jobclient-3.3.1.jar:/Users/mirko/.m2/repository/org/apache/hadoop/hadoop-mapreduce-client-common/3.3.1/hadoop-mapreduce-client-common-3.3.1.jar:/Users/mirko/.m2/repository/org/apache/hadoop/hadoop-annotations/3.3.1/hadoop-annotations-3.3.1.jar:/Users/mirko/.m2/repository/org/xerial/snappy/snappy-java/1.1.8.4/snappy-java-1.1.8.4.jar:/Users/mirko/.m2/repository/junit/junit/4.13.2/junit-4.13.2.jar:/Users/mirko/.m2/repository/org/slf4j/slf4j-api/1.7.32/slf4j-api-1.7.32.jar:/Users/mirko/.m2/repository/org/slf4j/slf4j-simple/1.7.32/slf4j-simple-1.7.32.jar:/Users/mirko/.m2/repository/org/jboss/arquillian/junit/arquillian-junit-standalone/1.6.0.Final/arquillian-junit-standalone-1.6.0.Final.jar:/Users/mirko/.m2/repository/org/jboss/arquillian/junit/arquillian-junit-core/1.6.0.Final/arquillian-junit-core-1.6.0.Final.jar:/Users/mirko/.m2/repository/org/jboss/arquillian/test/arquillian-test-spi/1.6.0.Final/arquillian-test-spi-1.6.0.Final.jar:/Users/mirko/.m2/repository/org/jboss/arquillian/core/arquillian-core-spi/1.6.0.Final/arquillian-core-spi-1.6.0.Final.jar:/Users/mirko/.m2/repository/org/jboss/arquillian/test/arquillian-test-api/1.6.0.Final/arquillian-test-api-1.6.0.Final.jar:/Users/mirko/.m2/repository/org/jboss/arquillian/core/arquillian-core-impl-base/1.6.0.Final/arquillian-core-impl-base-1.6.0.Final.jar:/Users/mirko/.m2/repository/org/jboss/arquillian/core/arquillian-core-api/1.6.0.Final/arquillian-core-api-1.6.0.Final.jar:/Users/mirko/.m2/repository/org/jboss/arquillian/test/arquillian-test-impl-base/1.6.0.Final/arquillian-test-impl-base-1.6.0.Final.jar:/Users/mirko/.m2/repository/org/jboss/arquillian/config/arquillian-config-impl-base/1.6.0.Final/arquillian-config-impl-base-1.6.0.Final.jar:/Users/mirko/.m2/repository/org/jboss/arquillian/config/arquillian-config-api/1.6.0.Final/arquillian-config-api-1.6.0.Final.jar:/Users/mirko/.m2/repository/org/jboss/shrinkwrap/descriptors/shrinkwrap-descriptors-api-base/2.0.0/shrinkwrap-descriptors-api-base-2.0.0.jar:/Users/mirko/.m2/repository/org/jboss/arquillian/config/arquillian-config-spi/1.6.0.Final/arquillian-config-spi-1.6.0.Final.jar:/Users/mirko/.m2/repository/org/jboss/shrinkwrap/descriptors/shrinkwrap-descriptors-spi/2.0.0/shrinkwrap-descriptors-spi-2.0.0.jar:"/>
    <property name="sun.cpu.endian" value="little"/>
    <property name="user.home" value="/Users/mirko"/>
    <property name="user.language" value="it"/>
    <property name="java.specification.vendor" value="Oracle Corporation"/>
    <property name="java.version.date" value="2021-04-20"/>
    <property name="java.home" value="/Library/Java/JavaVirtualMachines/adoptopenjdk-11.jdk/Contents/Home"/>
    <property name="file.separator" value="/"/>
    <property name="basedir" value="/Users/mirko/git/My_Avro/lang/java/mapred"/>
    <property name="java.vm.compressedOopsMode" value="Zero based"/>
    <property name="line.separator" value="&#10;"/>
    <property name="java.specification.name" value="Java Platform API Specification"/>
    <property name="java.vm.specification.vendor" value="Oracle Corporation"/>
    <property name="java.awt.graphicsenv" value="sun.awt.CGraphicsEnvironment"/>
    <property name="sun.management.compiler" value="HotSpot 64-Bit Tiered Compilers"/>
    <property name="ftp.nonProxyHosts" value="local|*.local|169.254/16|*.169.254/16"/>
    <property name="java.runtime.version" value="11.0.11+9"/>
    <property name="user.name" value="mirko"/>
    <property name="path.separator" value=":"/>
    <property name="os.version" value="11.3"/>
    <property name="java.runtime.name" value="OpenJDK Runtime Environment"/>
    <property name="file.encoding" value="UTF-8"/>
    <property name="java.security.krb5.realm" value="OX.AC.UK"/>
    <property name="java.vm.name" value="OpenJDK 64-Bit Server VM"/>
    <property name="java.vendor.version" value="AdoptOpenJDK-11.0.11+9"/>
    <property name="localRepository" value="/Users/mirko/.m2/repository"/>
    <property name="java.vendor.url.bug" value="https://github.com/AdoptOpenJDK/openjdk-support/issues"/>
    <property name="java.io.tmpdir" value="/var/folders/__/12bl209d1ls4z283rflhl8lm0000gn/T/"/>
    <property name="java.version" value="11.0.11"/>
    <property name="user.dir" value="/Users/mirko/git/My_Avro/lang/java/mapred"/>
    <property name="java.security.krb5.kdc" value="kdc0.ox.ac.uk:kdc1.ox.ac.uk"/>
    <property name="os.arch" value="x86_64"/>
    <property name="java.vm.specification.name" value="Java Virtual Machine Specification"/>
    <property name="java.awt.printerjob" value="sun.lwawt.macosx.CPrinterJob"/>
    <property name="sun.os.patch.level" value="unknown"/>
    <property name="java.library.path" value="/Users/mirko/Library/Java/Extensions:/Library/Java/Extensions:/Network/Library/Java/Extensions:/System/Library/Java/Extensions:/usr/lib/java:."/>
    <property name="java.vm.info" value="mixed mode"/>
    <property name="java.vendor" value="AdoptOpenJDK"/>
    <property name="java.vm.version" value="11.0.11+9"/>
    <property name="sun.io.unicode.encoding" value="UnicodeBig"/>
    <property name="java.class.version" value="55.0"/>
    <property name="socksNonProxyHosts" value="local|*.local|169.254/16|*.169.254/16"/>
  </properties>
  <testcase name="testWrap[0]" classname="org.apache.avro.mapred.TestAvroWrapper" time="0"/>
  <testcase name="testForJSON[0]" classname="org.apache.avro.mapred.TestAvroWrapper" time="0"/>
  <testcase name="testWrap[1]" classname="org.apache.avro.mapred.TestAvroWrapper" time="0"/>
  <testcase name="testForJSON[1]" classname="org.apache.avro.mapred.TestAvroWrapper" time="0"/>
</testsuite>